   1               		.file	"command_line.c"
   2               	__SREG__ = 0x3f
   3               	__SP_H__ = 0x3e
   4               	__SP_L__ = 0x3d
   5               	__CCP__  = 0x34
   6               	__tmp_reg__ = 0
   7               	__zero_reg__ = 1
  15               	.Ltext0:
  16               	.global	ReadAndExecute
  18               	ReadAndExecute:
  19               	.LFB2:
  20               	.LM1:
  21 0000 FF92      		push r15
  22 0002 0F93      		push r16
  23 0004 1F93      		push r17
  24 0006 DF93      		push r29
  25 0008 CF93      		push r28
  26 000a 0F92      		push __tmp_reg__
  27 000c CDB7      		in r28,__SP_L__
  28 000e DEB7      		in r29,__SP_H__
  29               	/* prologue: function */
  30               	/* frame size = 1 */
  31               	.LM2:
  32 0010 8E01      		movw r16,r28
  33 0012 0F5F      		subi r16,lo8(-(1))
  34 0014 1F4F      		sbci r17,hi8(-(1))
  35               	.LM3:
  36 0016 8DE0      		ldi r24,lo8(13)
  37 0018 F82E      		mov r15,r24
  38 001a 00C0      		rjmp .L2
  39               	.LVL0:
  40               	.L3:
  41               	.LM4:
  42 001c C801      		movw r24,r16
  43 001e 0E94 0000 		call ReceiveChar
  44               	.LM5:
  45 0022 E091 0000 		lds r30,current_pos
  46 0026 F0E0      		ldi r31,lo8(0)
  47 0028 E050      		subi r30,lo8(-(data))
  48 002a F040      		sbci r31,hi8(-(data))
  49 002c 8981      		ldd r24,Y+1
  50 002e 8083      		st Z,r24
  51               	.LM6:
  52 0030 F982      		std Y+1,r15
  53               	.LVL1:
  54               	.L2:
  55               	.LM7:
  56 0032 0E94 0000 		call HasChars
  57 0036 8823      		tst r24
  58 0038 01F4      		brne .L3
  59               	/* epilogue start */
  60               	.LM8:
  61 003a 0F90      		pop __tmp_reg__
  62 003c CF91      		pop r28
  63 003e DF91      		pop r29
  64 0040 1F91      		pop r17
  65 0042 0F91      		pop r16
  66 0044 FF90      		pop r15
  67 0046 0895      		ret
  68               	.LFE2:
  70               	.global	current_pos
  71               	.global	current_pos
  72               		.section .bss
  75               	current_pos:
  76 0000 00        		.skip 1,0
  77               		.comm RXFifo,140,1
  78               		.comm TXFifo,140,1
  79               		.comm m_Echo,1,1
  80               		.comm data,64,1
 105               	.Letext0:
DEFINED SYMBOLS
                            *ABS*:00000000 command_line.c
C:\Users\JOHAN~1.STR\AppData\Local\Temp/ccDLVdbz.s:2      *ABS*:0000003f __SREG__
C:\Users\JOHAN~1.STR\AppData\Local\Temp/ccDLVdbz.s:3      *ABS*:0000003e __SP_H__
C:\Users\JOHAN~1.STR\AppData\Local\Temp/ccDLVdbz.s:4      *ABS*:0000003d __SP_L__
C:\Users\JOHAN~1.STR\AppData\Local\Temp/ccDLVdbz.s:5      *ABS*:00000034 __CCP__
C:\Users\JOHAN~1.STR\AppData\Local\Temp/ccDLVdbz.s:6      *ABS*:00000000 __tmp_reg__
C:\Users\JOHAN~1.STR\AppData\Local\Temp/ccDLVdbz.s:7      *ABS*:00000001 __zero_reg__
C:\Users\JOHAN~1.STR\AppData\Local\Temp/ccDLVdbz.s:18     .text:00000000 ReadAndExecute
C:\Users\JOHAN~1.STR\AppData\Local\Temp/ccDLVdbz.s:75     .bss:00000000 current_pos
                            *COM*:00000040 data
                            *COM*:0000008c RXFifo
                            *COM*:0000008c TXFifo
                            *COM*:00000001 m_Echo

UNDEFINED SYMBOLS
ReceiveChar
HasChars
__do_clear_bss
