   1               		.file	"draw.c"
   2               	__SREG__ = 0x3f
   3               	__SP_H__ = 0x3e
   4               	__SP_L__ = 0x3d
   5               	__CCP__  = 0x34
   6               	__tmp_reg__ = 0
   7               	__zero_reg__ = 1
  15               	.Ltext0:
  16               	.global	inrange
  18               	inrange:
  19               	.LFB6:
  20               	.LM1:
  21               	.LVL0:
  22               	/* prologue: function */
  23               	/* frame size = 0 */
  24               	.LM2:
  25 0000 0897      		sbiw r24,8
  26 0002 00F4      		brsh .L2
  27 0004 77FD      		sbrc r23,7
  28 0006 00C0      		rjmp .L2
  29 0008 6830      		cpi r22,8
  30 000a 7105      		cpc r23,__zero_reg__
  31 000c 04F4      		brge .L2
  32 000e 57FD      		sbrc r21,7
  33 0010 00C0      		rjmp .L2
  34 0012 90E0      		ldi r25,lo8(0)
  35 0014 4830      		cpi r20,8
  36 0016 5105      		cpc r21,__zero_reg__
  37 0018 04F0      		brlt .L3
  38 001a 91E0      		ldi r25,lo8(1)
  39               	.L3:
  40 001c 81E0      		ldi r24,lo8(1)
  41               	.LVL1:
  42 001e 9827      		eor r25,r24
  43 0020 00C0      		rjmp .L4
  44               	.LVL2:
  45               	.L2:
  46 0022 90E0      		ldi r25,lo8(0)
  47               	.L4:
  48               	.LM3:
  49 0024 892F      		mov r24,r25
  50               	.LVL3:
  51               	/* epilogue start */
  52 0026 0895      		ret
  53               	.LFE6:
  55               	.global	tmpclrvoxel
  57               	tmpclrvoxel:
  58               	.LFB5:
  59               	.LM4:
  60               	.LVL4:
  61 0028 FF92      		push r15
  62 002a 0F93      		push r16
  63 002c 1F93      		push r17
  64 002e CF93      		push r28
  65 0030 DF93      		push r29
  66               	/* prologue: function */
  67               	/* frame size = 0 */
  68 0032 F82E      		mov r15,r24
  69 0034 8B01      		movw r16,r22
  70 0036 EA01      		movw r28,r20
  71               	.LM5:
  72 0038 0E94 0000 		call inrange
  73               	.LVL5:
  74 003c 8823      		tst r24
  75 003e 01F0      		breq .L8
  76               	.LM6:
  77 0040 FE01      		movw r30,r28
  78 0042 83E0      		ldi r24,3
  79 0044 EE0F      	1:	lsl r30
  80 0046 FF1F      		rol r31
  81 0048 8A95      		dec r24
  82 004a 01F4      		brne 1b
  83 004c E00F      		add r30,r16
  84 004e F11F      		adc r31,r17
  85 0050 E050      		subi r30,lo8(-(fb))
  86 0052 F040      		sbci r31,hi8(-(fb))
  87 0054 2081      		ld r18,Z
  88 0056 81E0      		ldi r24,lo8(1)
  89 0058 90E0      		ldi r25,hi8(1)
  90 005a 00C0      		rjmp 2f
  91 005c 880F      	1:	lsl r24
  92 005e 991F      		rol r25
  93 0060 FA94      	2:	dec r15
  94 0062 02F4      		brpl 1b
  95 0064 8095      		com r24
  96 0066 8223      		and r24,r18
  97 0068 8083      		st Z,r24
  98               	.L8:
  99               	/* epilogue start */
 100               	.LM7:
 101 006a DF91      		pop r29
 102 006c CF91      		pop r28
 103               	.LVL6:
 104 006e 1F91      		pop r17
 105 0070 0F91      		pop r16
 106               	.LVL7:
 107 0072 FF90      		pop r15
 108               	.LVL8:
 109 0074 0895      		ret
 110               	.LFE5:
 112               	.global	clrvoxel
 114               	clrvoxel:
 115               	.LFB4:
 116               	.LM8:
 117               	.LVL9:
 118 0076 FF92      		push r15
 119 0078 0F93      		push r16
 120 007a 1F93      		push r17
 121 007c CF93      		push r28
 122 007e DF93      		push r29
 123               	/* prologue: function */
 124               	/* frame size = 0 */
 125 0080 F82E      		mov r15,r24
 126 0082 8B01      		movw r16,r22
 127 0084 EA01      		movw r28,r20
 128               	.LM9:
 129 0086 0E94 0000 		call inrange
 130               	.LVL10:
 131 008a 8823      		tst r24
 132 008c 01F0      		breq .L11
 133               	.LM10:
 134 008e FE01      		movw r30,r28
 135 0090 93E0      		ldi r25,3
 136 0092 EE0F      	1:	lsl r30
 137 0094 FF1F      		rol r31
 138 0096 9A95      		dec r25
 139 0098 01F4      		brne 1b
 140 009a E00F      		add r30,r16
 141 009c F11F      		adc r31,r17
 142 009e E050      		subi r30,lo8(-(cube))
 143 00a0 F040      		sbci r31,hi8(-(cube))
 144 00a2 2081      		ld r18,Z
 145 00a4 81E0      		ldi r24,lo8(1)
 146 00a6 90E0      		ldi r25,hi8(1)
 147 00a8 00C0      		rjmp 2f
 148 00aa 880F      	1:	lsl r24
 149 00ac 991F      		rol r25
 150 00ae FA94      	2:	dec r15
 151 00b0 02F4      		brpl 1b
 152 00b2 8095      		com r24
 153 00b4 8223      		and r24,r18
 154 00b6 8083      		st Z,r24
 155               	.L11:
 156               	/* epilogue start */
 157               	.LM11:
 158 00b8 DF91      		pop r29
 159 00ba CF91      		pop r28
 160               	.LVL11:
 161 00bc 1F91      		pop r17
 162 00be 0F91      		pop r16
 163               	.LVL12:
 164 00c0 FF90      		pop r15
 165               	.LVL13:
 166 00c2 0895      		ret
 167               	.LFE4:
 169               	.global	tmpsetvoxel
 171               	tmpsetvoxel:
 172               	.LFB3:
 173               	.LM12:
 174               	.LVL14:
 175 00c4 FF92      		push r15
 176 00c6 0F93      		push r16
 177 00c8 1F93      		push r17
 178 00ca CF93      		push r28
 179 00cc DF93      		push r29
 180               	/* prologue: function */
 181               	/* frame size = 0 */
 182 00ce F82E      		mov r15,r24
 183 00d0 8B01      		movw r16,r22
 184 00d2 EA01      		movw r28,r20
 185               	.LM13:
 186 00d4 0E94 0000 		call inrange
 187               	.LVL15:
 188 00d8 8823      		tst r24
 189 00da 01F0      		breq .L14
 190               	.LM14:
 191 00dc FE01      		movw r30,r28
 192 00de 23E0      		ldi r18,3
 193 00e0 EE0F      	1:	lsl r30
 194 00e2 FF1F      		rol r31
 195 00e4 2A95      		dec r18
 196 00e6 01F4      		brne 1b
 197 00e8 E00F      		add r30,r16
 198 00ea F11F      		adc r31,r17
 199 00ec E050      		subi r30,lo8(-(fb))
 200 00ee F040      		sbci r31,hi8(-(fb))
 201 00f0 2081      		ld r18,Z
 202 00f2 81E0      		ldi r24,lo8(1)
 203 00f4 90E0      		ldi r25,hi8(1)
 204 00f6 00C0      		rjmp 2f
 205 00f8 880F      	1:	lsl r24
 206 00fa 991F      		rol r25
 207 00fc FA94      	2:	dec r15
 208 00fe 02F4      		brpl 1b
 209 0100 282B      		or r18,r24
 210 0102 2083      		st Z,r18
 211               	.L14:
 212               	/* epilogue start */
 213               	.LM15:
 214 0104 DF91      		pop r29
 215 0106 CF91      		pop r28
 216               	.LVL16:
 217 0108 1F91      		pop r17
 218 010a 0F91      		pop r16
 219               	.LVL17:
 220 010c FF90      		pop r15
 221               	.LVL18:
 222 010e 0895      		ret
 223               	.LFE3:
 225               	.global	setvoxel
 227               	setvoxel:
 228               	.LFB2:
 229               	.LM16:
 230               	.LVL19:
 231 0110 FF92      		push r15
 232 0112 0F93      		push r16
 233 0114 1F93      		push r17
 234 0116 CF93      		push r28
 235 0118 DF93      		push r29
 236               	/* prologue: function */
 237               	/* frame size = 0 */
 238 011a F82E      		mov r15,r24
 239 011c 8B01      		movw r16,r22
 240 011e EA01      		movw r28,r20
 241               	.LM17:
 242 0120 0E94 0000 		call inrange
 243               	.LVL20:
 244 0124 8823      		tst r24
 245 0126 01F0      		breq .L17
 246               	.LM18:
 247 0128 FE01      		movw r30,r28
 248 012a 33E0      		ldi r19,3
 249 012c EE0F      	1:	lsl r30
 250 012e FF1F      		rol r31
 251 0130 3A95      		dec r19
 252 0132 01F4      		brne 1b
 253 0134 E00F      		add r30,r16
 254 0136 F11F      		adc r31,r17
 255 0138 E050      		subi r30,lo8(-(cube))
 256 013a F040      		sbci r31,hi8(-(cube))
 257 013c 2081      		ld r18,Z
 258 013e 81E0      		ldi r24,lo8(1)
 259 0140 90E0      		ldi r25,hi8(1)
 260 0142 00C0      		rjmp 2f
 261 0144 880F      	1:	lsl r24
 262 0146 991F      		rol r25
 263 0148 FA94      	2:	dec r15
 264 014a 02F4      		brpl 1b
 265 014c 282B      		or r18,r24
 266 014e 2083      		st Z,r18
 267               	.L17:
 268               	/* epilogue start */
 269               	.LM19:
 270 0150 DF91      		pop r29
 271 0152 CF91      		pop r28
 272               	.LVL21:
 273 0154 1F91      		pop r17
 274 0156 0F91      		pop r16
 275               	.LVL22:
 276 0158 FF90      		pop r15
 277               	.LVL23:
 278 015a 0895      		ret
 279               	.LFE2:
 281               	.global	getvoxel
 283               	getvoxel:
 284               	.LFB7:
 285               	.LM20:
 286               	.LVL24:
 287 015c FF92      		push r15
 288 015e 0F93      		push r16
 289 0160 1F93      		push r17
 290 0162 CF93      		push r28
 291 0164 DF93      		push r29
 292               	/* prologue: function */
 293               	/* frame size = 0 */
 294 0166 F82E      		mov r15,r24
 295 0168 8B01      		movw r16,r22
 296 016a EA01      		movw r28,r20
 297               	.LM21:
 298 016c 0E94 0000 		call inrange
 299               	.LVL25:
 300 0170 8823      		tst r24
 301 0172 01F0      		breq .L20
 302               	.LM22:
 303 0174 43E0      		ldi r20,3
 304 0176 CC0F      	1:	lsl r28
 305 0178 DD1F      		rol r29
 306 017a 4A95      		dec r20
 307 017c 01F4      		brne 1b
 308 017e C00F      		add r28,r16
 309 0180 D11F      		adc r29,r17
 310 0182 C050      		subi r28,lo8(-(cube))
 311 0184 D040      		sbci r29,hi8(-(cube))
 312 0186 8881      		ld r24,Y
 313 0188 90E0      		ldi r25,lo8(0)
 314 018a 00C0      		rjmp 2f
 315 018c 9595      	1:	asr r25
 316 018e 8795      		ror r24
 317 0190 FA94      	2:	dec r15
 318 0192 02F4      		brpl 1b
 319 0194 8170      		andi r24,lo8(1)
 320               	.L20:
 321               	/* epilogue start */
 322               	.LM23:
 323 0196 DF91      		pop r29
 324 0198 CF91      		pop r28
 325               	.LVL26:
 326 019a 1F91      		pop r17
 327 019c 0F91      		pop r16
 328               	.LVL27:
 329 019e FF90      		pop r15
 330               	.LVL28:
 331 01a0 0895      		ret
 332               	.LFE7:
 334               	.global	altervoxel
 336               	altervoxel:
 337               	.LFB8:
 338               	.LM24:
 339               	.LVL29:
 340               	/* prologue: function */
 341               	/* frame size = 0 */
 342               	.LM25:
 343 01a2 2130      		cpi r18,1
 344 01a4 3105      		cpc r19,__zero_reg__
 345 01a6 01F4      		brne .L23
 346               	.LM26:
 347 01a8 0E94 0000 		call setvoxel
 348               	.LVL30:
 349 01ac 0895      		ret
 350               	.LVL31:
 351               	.L23:
 352               	.LM27:
 353 01ae 0E94 0000 		call clrvoxel
 354               	.LVL32:
 355 01b2 0895      		ret
 356               	.LFE8:
 358               	.global	flpvoxel
 360               	flpvoxel:
 361               	.LFB9:
 362               	.LM28:
 363               	.LVL33:
 364 01b4 FF92      		push r15
 365 01b6 0F93      		push r16
 366 01b8 1F93      		push r17
 367 01ba CF93      		push r28
 368 01bc DF93      		push r29
 369               	/* prologue: function */
 370               	/* frame size = 0 */
 371 01be F82E      		mov r15,r24
 372 01c0 8B01      		movw r16,r22
 373 01c2 EA01      		movw r28,r20
 374               	.LM29:
 375 01c4 0E94 0000 		call inrange
 376               	.LVL34:
 377 01c8 8823      		tst r24
 378 01ca 01F0      		breq .L28
 379               	.LM30:
 380 01cc FE01      		movw r30,r28
 381 01ce 53E0      		ldi r21,3
 382 01d0 EE0F      	1:	lsl r30
 383 01d2 FF1F      		rol r31
 384 01d4 5A95      		dec r21
 385 01d6 01F4      		brne 1b
 386 01d8 E00F      		add r30,r16
 387 01da F11F      		adc r31,r17
 388 01dc E050      		subi r30,lo8(-(cube))
 389 01de F040      		sbci r31,hi8(-(cube))
 390 01e0 2081      		ld r18,Z
 391 01e2 81E0      		ldi r24,lo8(1)
 392 01e4 90E0      		ldi r25,hi8(1)
 393 01e6 00C0      		rjmp 2f
 394 01e8 880F      	1:	lsl r24
 395 01ea 991F      		rol r25
 396 01ec FA94      	2:	dec r15
 397 01ee 02F4      		brpl 1b
 398 01f0 2827      		eor r18,r24
 399 01f2 2083      		st Z,r18
 400               	.L28:
 401               	/* epilogue start */
 402               	.LM31:
 403 01f4 DF91      		pop r29
 404 01f6 CF91      		pop r28
 405               	.LVL35:
 406 01f8 1F91      		pop r17
 407 01fa 0F91      		pop r16
 408               	.LVL36:
 409 01fc FF90      		pop r15
 410               	.LVL37:
 411 01fe 0895      		ret
 412               	.LFE9:
 414               	.global	argorder
 416               	argorder:
 417               	.LFB10:
 418               	.LM32:
 419               	.LVL38:
 420 0200 CF93      		push r28
 421 0202 DF93      		push r29
 422               	/* prologue: function */
 423               	/* frame size = 0 */
 424 0204 FC01      		movw r30,r24
 425 0206 DA01      		movw r26,r20
 426 0208 E901      		movw r28,r18
 427               	.LM33:
 428 020a 6817      		cp r22,r24
 429 020c 7907      		cpc r23,r25
 430 020e 04F4      		brge .L30
 431               	.LVL39:
 432 0210 CB01      		movw r24,r22
 433               	.LVL40:
 434 0212 BF01      		movw r22,r30
 435               	.LVL41:
 436 0214 FC01      		movw r30,r24
 437               	.LVL42:
 438               	.L30:
 439               	.LM34:
 440 0216 ED93      		st X+,r30
 441 0218 FC93      		st X,r31
 442               	.LM35:
 443 021a 7983      		std Y+1,r23
 444 021c 6883      		st Y,r22
 445               	/* epilogue start */
 446               	.LM36:
 447 021e DF91      		pop r29
 448 0220 CF91      		pop r28
 449               	.LVL43:
 450 0222 0895      		ret
 451               	.LFE10:
 453               	.global	setplane_z
 455               	setplane_z:
 456               	.LFB11:
 457               	.LM37:
 458               	.LVL44:
 459               	/* prologue: function */
 460               	/* frame size = 0 */
 461               	.LM38:
 462 0224 8830      		cpi r24,8
 463 0226 9105      		cpc r25,__zero_reg__
 464 0228 00F4      		brsh .L35
 465 022a 20E0      		ldi r18,lo8(0)
 466 022c 30E0      		ldi r19,hi8(0)
 467               	.LVL45:
 468               	.LM39:
 469 022e 63E0      		ldi r22,3
 470 0230 880F      	1:	lsl r24
 471 0232 991F      		rol r25
 472 0234 6A95      		dec r22
 473 0236 01F4      		brne 1b
 474               	.LVL46:
 475 0238 4FEF      		ldi r20,lo8(-1)
 476               	.L34:
 477 023a FC01      		movw r30,r24
 478 023c E20F      		add r30,r18
 479 023e F31F      		adc r31,r19
 480 0240 E050      		subi r30,lo8(-(cube))
 481 0242 F040      		sbci r31,hi8(-(cube))
 482 0244 4083      		st Z,r20
 483               	.LM40:
 484 0246 2F5F      		subi r18,lo8(-(1))
 485 0248 3F4F      		sbci r19,hi8(-(1))
 486 024a 2830      		cpi r18,8
 487 024c 3105      		cpc r19,__zero_reg__
 488 024e 01F4      		brne .L34
 489               	.LVL47:
 490               	.L35:
 491 0250 0895      		ret
 492               	.LFE11:
 494               	.global	clrplane_z
 496               	clrplane_z:
 497               	.LFB12:
 498               	.LM41:
 499               	.LVL48:
 500               	/* prologue: function */
 501               	/* frame size = 0 */
 502               	.LM42:
 503 0252 8830      		cpi r24,8
 504 0254 9105      		cpc r25,__zero_reg__
 505 0256 00F4      		brsh .L40
 506 0258 20E0      		ldi r18,lo8(0)
 507 025a 30E0      		ldi r19,hi8(0)
 508               	.LVL49:
 509               	.LM43:
 510 025c 73E0      		ldi r23,3
 511 025e 880F      	1:	lsl r24
 512 0260 991F      		rol r25
 513 0262 7A95      		dec r23
 514 0264 01F4      		brne 1b
 515               	.LVL50:
 516               	.L39:
 517 0266 FC01      		movw r30,r24
 518 0268 E20F      		add r30,r18
 519 026a F31F      		adc r31,r19
 520 026c E050      		subi r30,lo8(-(cube))
 521 026e F040      		sbci r31,hi8(-(cube))
 522 0270 1082      		st Z,__zero_reg__
 523               	.LM44:
 524 0272 2F5F      		subi r18,lo8(-(1))
 525 0274 3F4F      		sbci r19,hi8(-(1))
 526 0276 2830      		cpi r18,8
 527 0278 3105      		cpc r19,__zero_reg__
 528 027a 01F4      		brne .L39
 529               	.LVL51:
 530               	.L40:
 531 027c 0895      		ret
 532               	.LFE12:
 534               	.global	setplane_x
 536               	setplane_x:
 537               	.LFB13:
 538               	.LM45:
 539               	.LVL52:
 540               	/* prologue: function */
 541               	/* frame size = 0 */
 542 027e 9C01      		movw r18,r24
 543               	.LM46:
 544 0280 8830      		cpi r24,8
 545 0282 9105      		cpc r25,__zero_reg__
 546 0284 00F4      		brsh .L46
 547               	.LM47:
 548 0286 81E0      		ldi r24,lo8(1)
 549 0288 90E0      		ldi r25,hi8(1)
 550               	.LVL53:
 551 028a 00C0      		rjmp 2f
 552 028c 880F      	1:	lsl r24
 553 028e 991F      		rol r25
 554 0290 2A95      	2:	dec r18
 555 0292 02F4      		brpl 1b
 556 0294 982F      		mov r25,r24
 557 0296 40E0      		ldi r20,lo8(0)
 558 0298 50E0      		ldi r21,hi8(0)
 559               	.LVL54:
 560 029a 00C0      		rjmp .L44
 561               	.LVL55:
 562               	.L45:
 563 029c FB01      		movw r30,r22
 564 029e E20F      		add r30,r18
 565 02a0 F31F      		adc r31,r19
 566 02a2 E050      		subi r30,lo8(-(cube))
 567 02a4 F040      		sbci r31,hi8(-(cube))
 568 02a6 8081      		ld r24,Z
 569 02a8 892B      		or r24,r25
 570 02aa 8083      		st Z,r24
 571               	.LM48:
 572 02ac 2F5F      		subi r18,lo8(-(1))
 573 02ae 3F4F      		sbci r19,hi8(-(1))
 574 02b0 2830      		cpi r18,8
 575 02b2 3105      		cpc r19,__zero_reg__
 576 02b4 01F4      		brne .L45
 577               	.LM49:
 578 02b6 4F5F      		subi r20,lo8(-(1))
 579 02b8 5F4F      		sbci r21,hi8(-(1))
 580 02ba 4830      		cpi r20,8
 581 02bc 5105      		cpc r21,__zero_reg__
 582 02be 01F0      		breq .L46
 583               	.LVL56:
 584               	.L44:
 585 02c0 20E0      		ldi r18,lo8(0)
 586 02c2 30E0      		ldi r19,hi8(0)
 587               	.LVL57:
 588               	.LM50:
 589 02c4 BA01      		movw r22,r20
 590 02c6 E3E0      		ldi r30,3
 591 02c8 660F      	1:	lsl r22
 592 02ca 771F      		rol r23
 593 02cc EA95      		dec r30
 594 02ce 01F4      		brne 1b
 595 02d0 00C0      		rjmp .L45
 596               	.LVL58:
 597               	.L46:
 598 02d2 0895      		ret
 599               	.LFE13:
 601               	.global	clrplane_x
 603               	clrplane_x:
 604               	.LFB14:
 605               	.LM51:
 606               	.LVL59:
 607               	/* prologue: function */
 608               	/* frame size = 0 */
 609 02d4 9C01      		movw r18,r24
 610               	.LM52:
 611 02d6 8830      		cpi r24,8
 612 02d8 9105      		cpc r25,__zero_reg__
 613 02da 00F4      		brsh .L52
 614               	.LM53:
 615 02dc 81E0      		ldi r24,lo8(1)
 616 02de 90E0      		ldi r25,hi8(1)
 617               	.LVL60:
 618 02e0 00C0      		rjmp 2f
 619 02e2 880F      	1:	lsl r24
 620 02e4 991F      		rol r25
 621 02e6 2A95      	2:	dec r18
 622 02e8 02F4      		brpl 1b
 623 02ea 982F      		mov r25,r24
 624 02ec 9095      		com r25
 625 02ee 40E0      		ldi r20,lo8(0)
 626 02f0 50E0      		ldi r21,hi8(0)
 627               	.LVL61:
 628 02f2 00C0      		rjmp .L50
 629               	.LVL62:
 630               	.L51:
 631 02f4 FB01      		movw r30,r22
 632 02f6 E20F      		add r30,r18
 633 02f8 F31F      		adc r31,r19
 634 02fa E050      		subi r30,lo8(-(cube))
 635 02fc F040      		sbci r31,hi8(-(cube))
 636 02fe 8081      		ld r24,Z
 637 0300 8923      		and r24,r25
 638 0302 8083      		st Z,r24
 639               	.LM54:
 640 0304 2F5F      		subi r18,lo8(-(1))
 641 0306 3F4F      		sbci r19,hi8(-(1))
 642 0308 2830      		cpi r18,8
 643 030a 3105      		cpc r19,__zero_reg__
 644 030c 01F4      		brne .L51
 645               	.LM55:
 646 030e 4F5F      		subi r20,lo8(-(1))
 647 0310 5F4F      		sbci r21,hi8(-(1))
 648 0312 4830      		cpi r20,8
 649 0314 5105      		cpc r21,__zero_reg__
 650 0316 01F0      		breq .L52
 651               	.LVL63:
 652               	.L50:
 653 0318 20E0      		ldi r18,lo8(0)
 654 031a 30E0      		ldi r19,hi8(0)
 655               	.LVL64:
 656               	.LM56:
 657 031c BA01      		movw r22,r20
 658 031e F3E0      		ldi r31,3
 659 0320 660F      	1:	lsl r22
 660 0322 771F      		rol r23
 661 0324 FA95      		dec r31
 662 0326 01F4      		brne 1b
 663 0328 00C0      		rjmp .L51
 664               	.LVL65:
 665               	.L52:
 666 032a 0895      		ret
 667               	.LFE14:
 669               	.global	setplane_y
 671               	setplane_y:
 672               	.LFB15:
 673               	.LM57:
 674               	.LVL66:
 675               	/* prologue: function */
 676               	/* frame size = 0 */
 677               	.LM58:
 678 032c 8830      		cpi r24,8
 679 032e 9105      		cpc r25,__zero_reg__
 680 0330 00F4      		brsh .L57
 681 0332 20E0      		ldi r18,lo8(0)
 682 0334 30E0      		ldi r19,hi8(0)
 683               	.LVL67:
 684               	.LM59:
 685 0336 4FEF      		ldi r20,lo8(-1)
 686               	.L56:
 687 0338 F901      		movw r30,r18
 688 033a A3E0      		ldi r26,3
 689 033c EE0F      	1:	lsl r30
 690 033e FF1F      		rol r31
 691 0340 AA95      		dec r26
 692 0342 01F4      		brne 1b
 693 0344 E80F      		add r30,r24
 694 0346 F91F      		adc r31,r25
 695 0348 E050      		subi r30,lo8(-(cube))
 696 034a F040      		sbci r31,hi8(-(cube))
 697 034c 4083      		st Z,r20
 698               	.LM60:
 699 034e 2F5F      		subi r18,lo8(-(1))
 700 0350 3F4F      		sbci r19,hi8(-(1))
 701 0352 2830      		cpi r18,8
 702 0354 3105      		cpc r19,__zero_reg__
 703 0356 01F4      		brne .L56
 704               	.L57:
 705 0358 0895      		ret
 706               	.LFE15:
 708               	.global	clrplane_y
 710               	clrplane_y:
 711               	.LFB16:
 712               	.LM61:
 713               	.LVL68:
 714               	/* prologue: function */
 715               	/* frame size = 0 */
 716               	.LM62:
 717 035a 8830      		cpi r24,8
 718 035c 9105      		cpc r25,__zero_reg__
 719 035e 00F4      		brsh .L62
 720 0360 20E0      		ldi r18,lo8(0)
 721 0362 30E0      		ldi r19,hi8(0)
 722               	.LVL69:
 723               	.L61:
 724               	.LM63:
 725 0364 F901      		movw r30,r18
 726 0366 B3E0      		ldi r27,3
 727 0368 EE0F      	1:	lsl r30
 728 036a FF1F      		rol r31
 729 036c BA95      		dec r27
 730 036e 01F4      		brne 1b
 731 0370 E80F      		add r30,r24
 732 0372 F91F      		adc r31,r25
 733 0374 E050      		subi r30,lo8(-(cube))
 734 0376 F040      		sbci r31,hi8(-(cube))
 735 0378 1082      		st Z,__zero_reg__
 736               	.LM64:
 737 037a 2F5F      		subi r18,lo8(-(1))
 738 037c 3F4F      		sbci r19,hi8(-(1))
 739 037e 2830      		cpi r18,8
 740 0380 3105      		cpc r19,__zero_reg__
 741 0382 01F4      		brne .L61
 742               	.L62:
 743 0384 0895      		ret
 744               	.LFE16:
 746               	.global	setplane
 748               	setplane:
 749               	.LFB17:
 750               	.LM65:
 751               	.LVL70:
 752               	/* prologue: function */
 753               	/* frame size = 0 */
 754               	.LM66:
 755 0386 8937      		cpi r24,lo8(121)
 756 0388 01F0      		breq .L67
 757 038a 8A37      		cpi r24,lo8(122)
 758 038c 01F0      		breq .L68
 759 038e 8837      		cpi r24,lo8(120)
 760 0390 01F4      		brne .L71
 761               	.LM67:
 762 0392 862F      		mov r24,r22
 763               	.LVL71:
 764 0394 90E0      		ldi r25,lo8(0)
 765 0396 0E94 0000 		call setplane_x
 766               	.LVL72:
 767 039a 0895      		ret
 768               	.LVL73:
 769               	.L67:
 770               	.LM68:
 771 039c 70E0      		ldi r23,lo8(0)
 772               	.LBB49:
 773               	.LBB50:
 774               	.LM69:
 775 039e 6830      		cpi r22,8
 776 03a0 7105      		cpc r23,__zero_reg__
 777               	.LVL74:
 778 03a2 00F4      		brsh .L71
 779 03a4 20E0      		ldi r18,lo8(0)
 780 03a6 30E0      		ldi r19,hi8(0)
 781               	.LVL75:
 782               	.LM70:
 783 03a8 8FEF      		ldi r24,lo8(-1)
 784               	.LVL76:
 785               	.L69:
 786 03aa F901      		movw r30,r18
 787 03ac 93E0      		ldi r25,3
 788 03ae EE0F      	1:	lsl r30
 789 03b0 FF1F      		rol r31
 790 03b2 9A95      		dec r25
 791 03b4 01F4      		brne 1b
 792 03b6 E60F      		add r30,r22
 793 03b8 F71F      		adc r31,r23
 794 03ba E050      		subi r30,lo8(-(cube))
 795 03bc F040      		sbci r31,hi8(-(cube))
 796 03be 8083      		st Z,r24
 797               	.LM71:
 798 03c0 2F5F      		subi r18,lo8(-(1))
 799 03c2 3F4F      		sbci r19,hi8(-(1))
 800 03c4 2830      		cpi r18,8
 801 03c6 3105      		cpc r19,__zero_reg__
 802 03c8 01F4      		brne .L69
 803 03ca 0895      		ret
 804               	.LVL77:
 805               	.L68:
 806               	.LBE50:
 807               	.LBE49:
 808               	.LM72:
 809 03cc 70E0      		ldi r23,lo8(0)
 810               	.LBB51:
 811               	.LBB52:
 812               	.LM73:
 813 03ce 6830      		cpi r22,8
 814 03d0 7105      		cpc r23,__zero_reg__
 815               	.LVL78:
 816 03d2 00F4      		brsh .L71
 817 03d4 20E0      		ldi r18,lo8(0)
 818 03d6 30E0      		ldi r19,hi8(0)
 819               	.LVL79:
 820               	.LM74:
 821 03d8 83E0      		ldi r24,3
 822 03da 660F      	1:	lsl r22
 823 03dc 771F      		rol r23
 824 03de 8A95      		dec r24
 825 03e0 01F4      		brne 1b
 826               	.LVL80:
 827 03e2 8FEF      		ldi r24,lo8(-1)
 828               	.L70:
 829 03e4 FB01      		movw r30,r22
 830 03e6 E20F      		add r30,r18
 831 03e8 F31F      		adc r31,r19
 832 03ea E050      		subi r30,lo8(-(cube))
 833 03ec F040      		sbci r31,hi8(-(cube))
 834 03ee 8083      		st Z,r24
 835               	.LM75:
 836 03f0 2F5F      		subi r18,lo8(-(1))
 837 03f2 3F4F      		sbci r19,hi8(-(1))
 838 03f4 2830      		cpi r18,8
 839 03f6 3105      		cpc r19,__zero_reg__
 840 03f8 01F4      		brne .L70
 841               	.LVL81:
 842               	.L71:
 843 03fa 0895      		ret
 844               	.LBE52:
 845               	.LBE51:
 846               	.LFE17:
 848               	.global	clrplane
 850               	clrplane:
 851               	.LFB18:
 852               	.LM76:
 853               	.LVL82:
 854               	/* prologue: function */
 855               	/* frame size = 0 */
 856               	.LM77:
 857 03fc 8937      		cpi r24,lo8(121)
 858 03fe 01F0      		breq .L77
 859 0400 8A37      		cpi r24,lo8(122)
 860 0402 01F0      		breq .L78
 861 0404 8837      		cpi r24,lo8(120)
 862 0406 01F4      		brne .L81
 863               	.LM78:
 864 0408 862F      		mov r24,r22
 865               	.LVL83:
 866 040a 90E0      		ldi r25,lo8(0)
 867 040c 0E94 0000 		call clrplane_x
 868               	.LVL84:
 869 0410 0895      		ret
 870               	.LVL85:
 871               	.L77:
 872               	.LM79:
 873 0412 70E0      		ldi r23,lo8(0)
 874               	.LBB53:
 875               	.LBB54:
 876               	.LM80:
 877 0414 6830      		cpi r22,8
 878 0416 7105      		cpc r23,__zero_reg__
 879               	.LVL86:
 880 0418 00F4      		brsh .L81
 881 041a 20E0      		ldi r18,lo8(0)
 882 041c 30E0      		ldi r19,hi8(0)
 883               	.LVL87:
 884               	.L79:
 885               	.LM81:
 886 041e F901      		movw r30,r18
 887 0420 53E0      		ldi r21,3
 888 0422 EE0F      	1:	lsl r30
 889 0424 FF1F      		rol r31
 890 0426 5A95      		dec r21
 891 0428 01F4      		brne 1b
 892 042a E60F      		add r30,r22
 893 042c F71F      		adc r31,r23
 894 042e E050      		subi r30,lo8(-(cube))
 895 0430 F040      		sbci r31,hi8(-(cube))
 896 0432 1082      		st Z,__zero_reg__
 897               	.LM82:
 898 0434 2F5F      		subi r18,lo8(-(1))
 899 0436 3F4F      		sbci r19,hi8(-(1))
 900 0438 2830      		cpi r18,8
 901 043a 3105      		cpc r19,__zero_reg__
 902 043c 01F4      		brne .L79
 903 043e 0895      		ret
 904               	.LVL88:
 905               	.L78:
 906               	.LBE54:
 907               	.LBE53:
 908               	.LM83:
 909 0440 70E0      		ldi r23,lo8(0)
 910               	.LBB55:
 911               	.LBB56:
 912               	.LM84:
 913 0442 6830      		cpi r22,8
 914 0444 7105      		cpc r23,__zero_reg__
 915               	.LVL89:
 916 0446 00F4      		brsh .L81
 917 0448 20E0      		ldi r18,lo8(0)
 918 044a 30E0      		ldi r19,hi8(0)
 919               	.LVL90:
 920               	.LM85:
 921 044c 43E0      		ldi r20,3
 922 044e 660F      	1:	lsl r22
 923 0450 771F      		rol r23
 924 0452 4A95      		dec r20
 925 0454 01F4      		brne 1b
 926               	.L80:
 927 0456 FB01      		movw r30,r22
 928 0458 E20F      		add r30,r18
 929 045a F31F      		adc r31,r19
 930 045c E050      		subi r30,lo8(-(cube))
 931 045e F040      		sbci r31,hi8(-(cube))
 932 0460 1082      		st Z,__zero_reg__
 933               	.LM86:
 934 0462 2F5F      		subi r18,lo8(-(1))
 935 0464 3F4F      		sbci r19,hi8(-(1))
 936 0466 2830      		cpi r18,8
 937 0468 3105      		cpc r19,__zero_reg__
 938 046a 01F4      		brne .L80
 939               	.LVL91:
 940               	.L81:
 941 046c 0895      		ret
 942               	.LBE56:
 943               	.LBE55:
 944               	.LFE18:
 946               	.global	fill
 948               	fill:
 949               	.LFB19:
 950               	.LM87:
 951               	.LVL92:
 952               	/* prologue: function */
 953               	/* frame size = 0 */
 954               	.LM88:
 955 046e 40E0      		ldi r20,lo8(0)
 956 0470 50E0      		ldi r21,hi8(0)
 957               	.LVL93:
 958 0472 00C0      		rjmp .L85
 959               	.LVL94:
 960               	.L86:
 961               	.LM89:
 962 0474 FB01      		movw r30,r22
 963 0476 E20F      		add r30,r18
 964 0478 F31F      		adc r31,r19
 965 047a E050      		subi r30,lo8(-(cube))
 966 047c F040      		sbci r31,hi8(-(cube))
 967 047e 8083      		st Z,r24
 968               	.LM90:
 969 0480 2F5F      		subi r18,lo8(-(1))
 970 0482 3F4F      		sbci r19,hi8(-(1))
 971 0484 2830      		cpi r18,8
 972 0486 3105      		cpc r19,__zero_reg__
 973 0488 01F4      		brne .L86
 974               	.LM91:
 975 048a 4F5F      		subi r20,lo8(-(1))
 976 048c 5F4F      		sbci r21,hi8(-(1))
 977 048e 4830      		cpi r20,8
 978 0490 5105      		cpc r21,__zero_reg__
 979 0492 01F0      		breq .L88
 980               	.L85:
 981 0494 20E0      		ldi r18,lo8(0)
 982 0496 30E0      		ldi r19,hi8(0)
 983               	.LM92:
 984 0498 BA01      		movw r22,r20
 985 049a E3E0      		ldi r30,3
 986 049c 660F      	1:	lsl r22
 987 049e 771F      		rol r23
 988 04a0 EA95      		dec r30
 989 04a2 01F4      		brne 1b
 990 04a4 00C0      		rjmp .L86
 991               	.L88:
 992 04a6 0895      		ret
 993               	.LFE19:
 995               	.global	tmpfill
 997               	tmpfill:
 998               	.LFB20:
 999               	.LM93:
 1000               	.LVL95:
 1001               	/* prologue: function */
 1002               	/* frame size = 0 */
 1003               	.LM94:
 1004 04a8 40E0      		ldi r20,lo8(0)
 1005 04aa 50E0      		ldi r21,hi8(0)
 1006               	.LVL96:
 1007 04ac 00C0      		rjmp .L91
 1008               	.LVL97:
 1009               	.L92:
 1010               	.LM95:
 1011 04ae FB01      		movw r30,r22
 1012 04b0 E20F      		add r30,r18
 1013 04b2 F31F      		adc r31,r19
 1014 04b4 E050      		subi r30,lo8(-(fb))
 1015 04b6 F040      		sbci r31,hi8(-(fb))
 1016 04b8 8083      		st Z,r24
 1017               	.LM96:
 1018 04ba 2F5F      		subi r18,lo8(-(1))
 1019 04bc 3F4F      		sbci r19,hi8(-(1))
 1020 04be 2830      		cpi r18,8
 1021 04c0 3105      		cpc r19,__zero_reg__
 1022 04c2 01F4      		brne .L92
 1023               	.LM97:
 1024 04c4 4F5F      		subi r20,lo8(-(1))
 1025 04c6 5F4F      		sbci r21,hi8(-(1))
 1026 04c8 4830      		cpi r20,8
 1027 04ca 5105      		cpc r21,__zero_reg__
 1028 04cc 01F0      		breq .L94
 1029               	.L91:
 1030 04ce 20E0      		ldi r18,lo8(0)
 1031 04d0 30E0      		ldi r19,hi8(0)
 1032               	.LM98:
 1033 04d2 BA01      		movw r22,r20
 1034 04d4 F3E0      		ldi r31,3
 1035 04d6 660F      	1:	lsl r22
 1036 04d8 771F      		rol r23
 1037 04da FA95      		dec r31
 1038 04dc 01F4      		brne 1b
 1039 04de 00C0      		rjmp .L92
 1040               	.L94:
 1041 04e0 0895      		ret
 1042               	.LFE20:
 1044               	.global	box_filled
 1046               	box_filled:
 1047               	.LFB21:
 1048               	.LM99:
 1049               	.LVL98:
 1050 04e2 EF92      		push r14
 1051               	.LVL99:
 1052 04e4 FF92      		push r15
 1053 04e6 0F93      		push r16
 1054               	.LVL100:
 1055 04e8 1F93      		push r17
 1056 04ea CF93      		push r28
 1057 04ec DF93      		push r29
 1058               	/* prologue: function */
 1059               	/* frame size = 0 */
 1060 04ee DC01      		movw r26,r24
 1061 04f0 EB01      		movw r28,r22
 1062 04f2 F901      		movw r30,r18
 1063               	.LBB57:
 1064               	.LBB58:
 1065               	.LM100:
 1066 04f4 2817      		cp r18,r24
 1067 04f6 3907      		cpc r19,r25
 1068 04f8 04F4      		brge .L97
 1069               	.LVL101:
 1070 04fa D901      		movw r26,r18
 1071               	.LVL102:
 1072 04fc FC01      		movw r30,r24
 1073               	.LVL103:
 1074               	.L97:
 1075               	.LBE58:
 1076               	.LBE57:
 1077               	.LBB59:
 1078               	.LBB60:
 1079 04fe 0C17      		cp r16,r28
 1080 0500 1D07      		cpc r17,r29
 1081               	.LVL104:
 1082 0502 04F4      		brge .L98
 1083 0504 CE01      		movw r24,r28
 1084               	.LVL105:
 1085 0506 E801      		movw r28,r16
 1086               	.LVL106:
 1087 0508 8C01      		movw r16,r24
 1088               	.LVL107:
 1089               	.L98:
 1090               	.LBE60:
 1091               	.LBE59:
 1092               	.LBB61:
 1093               	.LBB62:
 1094 050a E416      		cp r14,r20
 1095 050c F506      		cpc r15,r21
 1096               	.LVL108:
 1097 050e 04F4      		brge .L99
 1098 0510 CA01      		movw r24,r20
 1099               	.LVL109:
 1100 0512 A701      		movw r20,r14
 1101               	.LVL110:
 1102 0514 7C01      		movw r14,r24
 1103               	.LVL111:
 1104               	.L99:
 1105               	.LBE62:
 1106               	.LBE61:
 1107               	.LBB63:
 1108               	.LBB64:
 1109               	.LM101:
 1110 0516 3196      		adiw r30,1
 1111 0518 8FEF      		ldi r24,lo8(255)
 1112 051a 90E0      		ldi r25,hi8(255)
 1113 051c 9C01      		movw r18,r24
 1114 051e 00C0      		rjmp 2f
 1115 0520 220F      	1:	lsl r18
 1116 0522 331F      		rol r19
 1117 0524 EA95      	2:	dec r30
 1118 0526 02F4      		brpl 1b
 1119 0528 2095      		com r18
 1120 052a 00C0      		rjmp 2f
 1121 052c 880F      	1:	lsl r24
 1122 052e 991F      		rol r25
 1123 0530 AA95      	2:	dec r26
 1124 0532 02F4      		brpl 1b
 1125 0534 2823      		and r18,r24
 1126 0536 00C0      		rjmp .L100
 1127               	.LVL112:
 1128               	.L101:
 1129               	.LBE64:
 1130               	.LBE63:
 1131               	.LM102:
 1132 0538 FB01      		movw r30,r22
 1133               	.LVL113:
 1134 053a EA0F      		add r30,r26
 1135 053c FB1F      		adc r31,r27
 1136 053e E050      		subi r30,lo8(-(cube))
 1137 0540 F040      		sbci r31,hi8(-(cube))
 1138 0542 8081      		ld r24,Z
 1139 0544 822B      		or r24,r18
 1140 0546 8083      		st Z,r24
 1141               	.LM103:
 1142 0548 1196      		adiw r26,1
 1143               	.LVL114:
 1144               	.L103:
 1145 054a 0A17      		cp r16,r26
 1146 054c 1B07      		cpc r17,r27
 1147 054e 04F4      		brge .L101
 1148               	.LM104:
 1149 0550 4F5F      		subi r20,lo8(-(1))
 1150 0552 5F4F      		sbci r21,hi8(-(1))
 1151               	.LVL115:
 1152               	.L100:
 1153 0554 E416      		cp r14,r20
 1154 0556 F506      		cpc r15,r21
 1155 0558 04F0      		brlt .L104
 1156 055a DE01      		movw r26,r28
 1157               	.LVL116:
 1158               	.LM105:
 1159 055c BA01      		movw r22,r20
 1160 055e 83E0      		ldi r24,3
 1161 0560 660F      	1:	lsl r22
 1162 0562 771F      		rol r23
 1163 0564 8A95      		dec r24
 1164 0566 01F4      		brne 1b
 1165 0568 00C0      		rjmp .L103
 1166               	.LVL117:
 1167               	.L104:
 1168               	/* epilogue start */
 1169               	.LM106:
 1170 056a DF91      		pop r29
 1171 056c CF91      		pop r28
 1172               	.LVL118:
 1173 056e 1F91      		pop r17
 1174 0570 0F91      		pop r16
 1175               	.LVL119:
 1176 0572 FF90      		pop r15
 1177 0574 EF90      		pop r14
 1178               	.LVL120:
 1179 0576 0895      		ret
 1180               	.LFE21:
 1182               	.global	box_walls
 1184               	box_walls:
 1185               	.LFB22:
 1186               	.LM107:
 1187               	.LVL121:
 1188 0578 CF92      		push r12
 1189 057a DF92      		push r13
 1190 057c EF92      		push r14
 1191               	.LVL122:
 1192 057e FF92      		push r15
 1193 0580 0F93      		push r16
 1194               	.LVL123:
 1195 0582 1F93      		push r17
 1196 0584 CF93      		push r28
 1197 0586 DF93      		push r29
 1198               	/* prologue: function */
 1199               	/* frame size = 0 */
 1200 0588 DC01      		movw r26,r24
 1201 058a F901      		movw r30,r18
 1202               	.LBB65:
 1203               	.LBB66:
 1204               	.LM108:
 1205 058c 2817      		cp r18,r24
 1206 058e 3907      		cpc r19,r25
 1207 0590 04F4      		brge .L106
 1208 0592 D901      		movw r26,r18
 1209               	.LVL124:
 1210 0594 FC01      		movw r30,r24
 1211               	.LVL125:
 1212               	.L106:
 1213               	.LBE66:
 1214               	.LBE65:
 1215               	.LBB67:
 1216               	.LBB68:
 1217 0596 0617      		cp r16,r22
 1218 0598 1707      		cpc r17,r23
 1219               	.LVL126:
 1220 059a 04F4      		brge .L107
 1221 059c CB01      		movw r24,r22
 1222               	.LVL127:
 1223 059e B801      		movw r22,r16
 1224               	.LVL128:
 1225 05a0 8C01      		movw r16,r24
 1226               	.LVL129:
 1227               	.L107:
 1228               	.LBE68:
 1229               	.LBE67:
 1230               	.LBB69:
 1231               	.LBB70:
 1232 05a2 E416      		cp r14,r20
 1233 05a4 F506      		cpc r15,r21
 1234               	.LVL130:
 1235 05a6 04F4      		brge .L108
 1236 05a8 CA01      		movw r24,r20
 1237               	.LVL131:
 1238 05aa A701      		movw r20,r14
 1239               	.LVL132:
 1240 05ac 7C01      		movw r14,r24
 1241               	.LVL133:
 1242               	.L108:
 1243               	.LBE70:
 1244               	.LBE69:
 1245               	.LM109:
 1246 05ae 81E0      		ldi r24,lo8(1)
 1247 05b0 90E0      		ldi r25,hi8(1)
 1248 05b2 9C01      		movw r18,r24
 1249 05b4 0E2E      		mov r0,r30
 1250 05b6 00C0      		rjmp 2f
 1251 05b8 220F      	1:	lsl r18
 1252 05ba 331F      		rol r19
 1253 05bc 0A94      	2:	dec r0
 1254 05be 02F4      		brpl 1b
 1255 05c0 0A2E      		mov r0,r26
 1256 05c2 00C0      		rjmp 2f
 1257 05c4 880F      	1:	lsl r24
 1258 05c6 991F      		rol r25
 1259 05c8 0A94      	2:	dec r0
 1260 05ca 02F4      		brpl 1b
 1261 05cc C22E      		mov r12,r18
 1262 05ce C82A      		or r12,r24
 1263               	.LBB71:
 1264               	.LBB72:
 1265               	.LM110:
 1266 05d0 3196      		adiw r30,1
 1267 05d2 8FEF      		ldi r24,lo8(255)
 1268 05d4 90E0      		ldi r25,hi8(255)
 1269 05d6 9C01      		movw r18,r24
 1270 05d8 00C0      		rjmp 2f
 1271 05da 220F      	1:	lsl r18
 1272 05dc 331F      		rol r19
 1273 05de EA95      	2:	dec r30
 1274 05e0 02F4      		brpl 1b
 1275 05e2 D22E      		mov r13,r18
 1276 05e4 D094      		com r13
 1277 05e6 00C0      		rjmp 2f
 1278 05e8 880F      	1:	lsl r24
 1279 05ea 991F      		rol r25
 1280 05ec AA95      	2:	dec r26
 1281 05ee 02F4      		brpl 1b
 1282 05f0 D822      		and r13,r24
 1283 05f2 9A01      		movw r18,r20
 1284               	.LVL134:
 1285 05f4 00C0      		rjmp .L109
 1286               	.LVL135:
 1287               	.L113:
 1288               	.LBE72:
 1289               	.LBE71:
 1290               	.LM111:
 1291 05f6 A617      		cp r26,r22
 1292 05f8 B707      		cpc r27,r23
 1293 05fa 01F0      		breq .L110
 1294 05fc A017      		cp r26,r16
 1295 05fe B107      		cpc r27,r17
 1296 0600 01F0      		breq .L110
 1297 0602 2417      		cp r18,r20
 1298 0604 3507      		cpc r19,r21
 1299 0606 01F0      		breq .L110
 1300 0608 2E15      		cp r18,r14
 1301 060a 3F05      		cpc r19,r15
 1302 060c 01F4      		brne .L111
 1303               	.L110:
 1304               	.LM112:
 1305 060e FE01      		movw r30,r28
 1306               	.LVL136:
 1307 0610 EA0F      		add r30,r26
 1308 0612 FB1F      		adc r31,r27
 1309 0614 E050      		subi r30,lo8(-(cube))
 1310 0616 F040      		sbci r31,hi8(-(cube))
 1311 0618 D082      		st Z,r13
 1312 061a 00C0      		rjmp .L112
 1313               	.LVL137:
 1314               	.L111:
 1315               	.LM113:
 1316 061c FE01      		movw r30,r28
 1317               	.LVL138:
 1318 061e EA0F      		add r30,r26
 1319 0620 FB1F      		adc r31,r27
 1320 0622 E050      		subi r30,lo8(-(cube))
 1321 0624 F040      		sbci r31,hi8(-(cube))
 1322 0626 8081      		ld r24,Z
 1323 0628 8C29      		or r24,r12
 1324 062a 8083      		st Z,r24
 1325               	.L112:
 1326               	.LM114:
 1327 062c 1196      		adiw r26,1
 1328               	.LVL139:
 1329               	.L115:
 1330 062e 0A17      		cp r16,r26
 1331 0630 1B07      		cpc r17,r27
 1332 0632 04F4      		brge .L113
 1333               	.LM115:
 1334 0634 2F5F      		subi r18,lo8(-(1))
 1335 0636 3F4F      		sbci r19,hi8(-(1))
 1336               	.LVL140:
 1337               	.L109:
 1338 0638 E216      		cp r14,r18
 1339 063a F306      		cpc r15,r19
 1340 063c 04F0      		brlt .L116
 1341 063e DB01      		movw r26,r22
 1342               	.LVL141:
 1343               	.LM116:
 1344 0640 E901      		movw r28,r18
 1345 0642 93E0      		ldi r25,3
 1346 0644 CC0F      	1:	lsl r28
 1347 0646 DD1F      		rol r29
 1348 0648 9A95      		dec r25
 1349 064a 01F4      		brne 1b
 1350 064c 00C0      		rjmp .L115
 1351               	.LVL142:
 1352               	.L116:
 1353               	/* epilogue start */
 1354               	.LM117:
 1355 064e DF91      		pop r29
 1356 0650 CF91      		pop r28
 1357 0652 1F91      		pop r17
 1358 0654 0F91      		pop r16
 1359               	.LVL143:
 1360 0656 FF90      		pop r15
 1361 0658 EF90      		pop r14
 1362               	.LVL144:
 1363 065a DF90      		pop r13
 1364 065c CF90      		pop r12
 1365 065e 0895      		ret
 1366               	.LFE22:
 1368               	.global	box_wireframe
 1370               	box_wireframe:
 1371               	.LFB23:
 1372               	.LM118:
 1373               	.LVL145:
 1374 0660 6F92      		push r6
 1375 0662 7F92      		push r7
 1376 0664 8F92      		push r8
 1377 0666 9F92      		push r9
 1378 0668 AF92      		push r10
 1379 066a BF92      		push r11
 1380 066c CF92      		push r12
 1381 066e DF92      		push r13
 1382 0670 EF92      		push r14
 1383               	.LVL146:
 1384 0672 FF92      		push r15
 1385 0674 0F93      		push r16
 1386               	.LVL147:
 1387 0676 1F93      		push r17
 1388 0678 CF93      		push r28
 1389 067a DF93      		push r29
 1390               	/* prologue: function */
 1391               	/* frame size = 0 */
 1392 067c 3C01      		movw r6,r24
 1393 067e 4B01      		movw r8,r22
 1394 0680 5A01      		movw r10,r20
 1395 0682 6901      		movw r12,r18
 1396               	.LBB73:
 1397               	.LBB74:
 1398               	.LM119:
 1399 0684 2817      		cp r18,r24
 1400 0686 3907      		cpc r19,r25
 1401 0688 04F4      		brge .L118
 1402               	.LVL148:
 1403 068a 3901      		movw r6,r18
 1404               	.LVL149:
 1405 068c 6C01      		movw r12,r24
 1406               	.LVL150:
 1407               	.L118:
 1408               	.LBE74:
 1409               	.LBE73:
 1410               	.LBB75:
 1411               	.LBB76:
 1412 068e 0815      		cp r16,r8
 1413 0690 1905      		cpc r17,r9
 1414               	.LVL151:
 1415 0692 04F4      		brge .L119
 1416 0694 C401      		movw r24,r8
 1417               	.LVL152:
 1418 0696 4801      		movw r8,r16
 1419               	.LVL153:
 1420 0698 8C01      		movw r16,r24
 1421               	.LVL154:
 1422               	.L119:
 1423               	.LBE76:
 1424               	.LBE75:
 1425               	.LBB77:
 1426               	.LBB78:
 1427 069a EA14      		cp r14,r10
 1428 069c FB04      		cpc r15,r11
 1429               	.LVL155:
 1430 069e 04F4      		brge .L120
 1431 06a0 C501      		movw r24,r10
 1432               	.LVL156:
 1433 06a2 5701      		movw r10,r14
 1434               	.LVL157:
 1435 06a4 7C01      		movw r14,r24
 1436               	.LVL158:
 1437               	.L120:
 1438               	.LBE78:
 1439               	.LBE77:
 1440               	.LBB79:
 1441               	.LBB80:
 1442               	.LM120:
 1443 06a6 0894      		sec
 1444 06a8 C11C      		adc r12,__zero_reg__
 1445 06aa D11C      		adc r13,__zero_reg__
 1446 06ac 8FEF      		ldi r24,lo8(255)
 1447 06ae 90E0      		ldi r25,hi8(255)
 1448 06b0 9C01      		movw r18,r24
 1449 06b2 0C2C      		mov r0,r12
 1450 06b4 00C0      		rjmp 2f
 1451 06b6 220F      	1:	lsl r18
 1452 06b8 331F      		rol r19
 1453 06ba 0A94      	2:	dec r0
 1454 06bc 02F4      		brpl 1b
 1455 06be 0894      		sec
 1456 06c0 C108      		sbc r12,__zero_reg__
 1457 06c2 D108      		sbc r13,__zero_reg__
 1458 06c4 2095      		com r18
 1459 06c6 062C      		mov r0,r6
 1460 06c8 00C0      		rjmp 2f
 1461 06ca 880F      	1:	lsl r24
 1462 06cc 991F      		rol r25
 1463 06ce 0A94      	2:	dec r0
 1464 06d0 02F4      		brpl 1b
 1465 06d2 2823      		and r18,r24
 1466               	.LBE80:
 1467               	.LBE79:
 1468               	.LM121:
 1469 06d4 D501      		movw r26,r10
 1470 06d6 43E0      		ldi r20,3
 1471 06d8 AA0F      	1:	lsl r26
 1472 06da BB1F      		rol r27
 1473 06dc 4A95      		dec r20
 1474 06de 01F4      		brne 1b
 1475 06e0 FD01      		movw r30,r26
 1476 06e2 E80D      		add r30,r8
 1477 06e4 F91D      		adc r31,r9
 1478 06e6 E050      		subi r30,lo8(-(cube))
 1479 06e8 F040      		sbci r31,hi8(-(cube))
 1480 06ea 2083      		st Z,r18
 1481               	.LM122:
 1482 06ec A00F      		add r26,r16
 1483 06ee B11F      		adc r27,r17
 1484 06f0 A050      		subi r26,lo8(-(cube))
 1485 06f2 B040      		sbci r27,hi8(-(cube))
 1486 06f4 2C93      		st X,r18
 1487               	.LM123:
 1488 06f6 D701      		movw r26,r14
 1489 06f8 33E0      		ldi r19,3
 1490 06fa AA0F      	1:	lsl r26
 1491 06fc BB1F      		rol r27
 1492 06fe 3A95      		dec r19
 1493 0700 01F4      		brne 1b
 1494 0702 FD01      		movw r30,r26
 1495 0704 E80D      		add r30,r8
 1496 0706 F91D      		adc r31,r9
 1497 0708 E050      		subi r30,lo8(-(cube))
 1498 070a F040      		sbci r31,hi8(-(cube))
 1499 070c 2083      		st Z,r18
 1500               	.LM124:
 1501 070e A00F      		add r26,r16
 1502 0710 B11F      		adc r27,r17
 1503 0712 A050      		subi r26,lo8(-(cube))
 1504 0714 B040      		sbci r27,hi8(-(cube))
 1505 0716 2C93      		st X,r18
 1506 0718 E401      		movw r28,r8
 1507               	.LVL159:
 1508 071a 00C0      		rjmp .L121
 1509               	.L122:
 1510               	.LM125:
 1511 071c C301      		movw r24,r6
 1512 071e BE01      		movw r22,r28
 1513 0720 A501      		movw r20,r10
 1514 0722 0E94 0000 		call setvoxel
 1515               	.LM126:
 1516 0726 C301      		movw r24,r6
 1517 0728 BE01      		movw r22,r28
 1518 072a A701      		movw r20,r14
 1519 072c 0E94 0000 		call setvoxel
 1520               	.LM127:
 1521 0730 C601      		movw r24,r12
 1522 0732 BE01      		movw r22,r28
 1523 0734 A501      		movw r20,r10
 1524 0736 0E94 0000 		call setvoxel
 1525               	.LM128:
 1526 073a C601      		movw r24,r12
 1527 073c BE01      		movw r22,r28
 1528 073e A701      		movw r20,r14
 1529 0740 0E94 0000 		call setvoxel
 1530               	.LM129:
 1531 0744 2196      		adiw r28,1
 1532               	.LVL160:
 1533               	.L121:
 1534 0746 0C17      		cp r16,r28
 1535 0748 1D07      		cpc r17,r29
 1536 074a 04F4      		brge .L122
 1537 074c E501      		movw r28,r10
 1538               	.LVL161:
 1539 074e 00C0      		rjmp .L123
 1540               	.L124:
 1541               	.LM130:
 1542 0750 C301      		movw r24,r6
 1543 0752 B401      		movw r22,r8
 1544 0754 AE01      		movw r20,r28
 1545 0756 0E94 0000 		call setvoxel
 1546               	.LM131:
 1547 075a C301      		movw r24,r6
 1548 075c B801      		movw r22,r16
 1549 075e AE01      		movw r20,r28
 1550 0760 0E94 0000 		call setvoxel
 1551               	.LM132:
 1552 0764 C601      		movw r24,r12
 1553 0766 B401      		movw r22,r8
 1554 0768 AE01      		movw r20,r28
 1555 076a 0E94 0000 		call setvoxel
 1556               	.LM133:
 1557 076e C601      		movw r24,r12
 1558 0770 B801      		movw r22,r16
 1559 0772 AE01      		movw r20,r28
 1560 0774 0E94 0000 		call setvoxel
 1561               	.LM134:
 1562 0778 2196      		adiw r28,1
 1563               	.LVL162:
 1564               	.L123:
 1565 077a EC16      		cp r14,r28
 1566 077c FD06      		cpc r15,r29
 1567 077e 04F4      		brge .L124
 1568               	/* epilogue start */
 1569               	.LM135:
 1570 0780 DF91      		pop r29
 1571 0782 CF91      		pop r28
 1572               	.LVL163:
 1573 0784 1F91      		pop r17
 1574 0786 0F91      		pop r16
 1575               	.LVL164:
 1576 0788 FF90      		pop r15
 1577 078a EF90      		pop r14
 1578               	.LVL165:
 1579 078c DF90      		pop r13
 1580 078e CF90      		pop r12
 1581               	.LVL166:
 1582 0790 BF90      		pop r11
 1583 0792 AF90      		pop r10
 1584               	.LVL167:
 1585 0794 9F90      		pop r9
 1586 0796 8F90      		pop r8
 1587               	.LVL168:
 1588 0798 7F90      		pop r7
 1589 079a 6F90      		pop r6
 1590               	.LVL169:
 1591 079c 0895      		ret
 1592               	.LFE23:
 1594               	.global	byteline
 1596               	byteline:
 1597               	.LFB24:
 1598               	.LM136:
 1599               	.LVL170:
 1600               	/* prologue: function */
 1601               	/* frame size = 0 */
 1602               	.LM137:
 1603 079e 6F5F      		subi r22,lo8(-(1))
 1604 07a0 7F4F      		sbci r23,hi8(-(1))
 1605               	.LVL171:
 1606 07a2 2FEF      		ldi r18,lo8(255)
 1607 07a4 30E0      		ldi r19,hi8(255)
 1608 07a6 A901      		movw r20,r18
 1609 07a8 00C0      		rjmp 2f
 1610 07aa 440F      	1:	lsl r20
 1611 07ac 551F      		rol r21
 1612 07ae 6A95      	2:	dec r22
 1613 07b0 02F4      		brpl 1b
 1614 07b2 BA01      		movw r22,r20
 1615               	.LVL172:
 1616 07b4 6095      		com r22
 1617 07b6 00C0      		rjmp 2f
 1618 07b8 220F      	1:	lsl r18
 1619 07ba 331F      		rol r19
 1620 07bc 8A95      	2:	dec r24
 1621 07be 02F4      		brpl 1b
 1622               	.LM138:
 1623 07c0 862F      		mov r24,r22
 1624               	.LVL173:
 1625 07c2 8223      		and r24,r18
 1626               	/* epilogue start */
 1627 07c4 0895      		ret
 1628               	.LFE24:
 1630               	.global	flipbyte
 1632               	flipbyte:
 1633               	.LFB25:
 1634               	.LM139:
 1635               	.LVL174:
 1636               	/* prologue: function */
 1637               	/* frame size = 0 */
 1638 07c6 482F      		mov r20,r24
 1639               	.LM140:
 1640 07c8 282F      		mov r18,r24
 1641 07ca 30E0      		ldi r19,lo8(0)
 1642 07cc 8295      		swap r24
 1643               	.LVL175:
 1644 07ce 8695      		lsr r24
 1645 07d0 8270      		andi r24,lo8(2)
 1646 07d2 942F      		mov r25,r20
 1647 07d4 991F      		rol r25
 1648 07d6 9927      		clr r25
 1649 07d8 991F      		rol r25
 1650 07da 892B      		or r24,r25
 1651 07dc 942F      		mov r25,r20
 1652 07de 9695      		lsr r25
 1653 07e0 9695      		lsr r25
 1654 07e2 9695      		lsr r25
 1655 07e4 9470      		andi r25,lo8(4)
 1656 07e6 892B      		or r24,r25
 1657 07e8 4695      		lsr r20
 1658 07ea 4870      		andi r20,lo8(8)
 1659 07ec 842B      		or r24,r20
 1660 07ee 220F      		lsl r18
 1661 07f0 331F      		rol r19
 1662 07f2 922F      		mov r25,r18
 1663 07f4 9071      		andi r25,lo8(16)
 1664 07f6 892B      		or r24,r25
 1665 07f8 220F      		lsl r18
 1666 07fa 331F      		rol r19
 1667 07fc 220F      		lsl r18
 1668 07fe 331F      		rol r19
 1669 0800 922F      		mov r25,r18
 1670 0802 9072      		andi r25,lo8(32)
 1671 0804 892B      		or r24,r25
 1672 0806 220F      		lsl r18
 1673 0808 331F      		rol r19
 1674 080a 220F      		lsl r18
 1675 080c 331F      		rol r19
 1676 080e 922F      		mov r25,r18
 1677 0810 9074      		andi r25,lo8(64)
 1678 0812 892B      		or r24,r25
 1679 0814 220F      		lsl r18
 1680 0816 331F      		rol r19
 1681 0818 220F      		lsl r18
 1682 081a 331F      		rol r19
 1683               	.LM141:
 1684 081c 822B      		or r24,r18
 1685               	/* epilogue start */
 1686 081e 0895      		ret
 1687               	.LFE25:
 1689               	.global	line
 1691               	line:
 1692               	.LFB26:
 1693               	.LM142:
 1694               	.LVL176:
 1695 0820 2F92      		push r2
 1696 0822 3F92      		push r3
 1697 0824 4F92      		push r4
 1698 0826 5F92      		push r5
 1699 0828 6F92      		push r6
 1700 082a 7F92      		push r7
 1701 082c 8F92      		push r8
 1702 082e 9F92      		push r9
 1703 0830 AF92      		push r10
 1704 0832 BF92      		push r11
 1705 0834 CF92      		push r12
 1706 0836 DF92      		push r13
 1707 0838 EF92      		push r14
 1708               	.LVL177:
 1709 083a FF92      		push r15
 1710 083c 0F93      		push r16
 1711               	.LVL178:
 1712 083e 1F93      		push r17
 1713 0840 DF93      		push r29
 1714 0842 CF93      		push r28
 1715 0844 CDB7      		in r28,__SP_L__
 1716 0846 DEB7      		in r29,__SP_H__
 1717 0848 6697      		sbiw r28,22
 1718 084a 0FB6      		in __tmp_reg__,__SREG__
 1719 084c F894      		cli
 1720 084e DEBF      		out __SP_H__,r29
 1721 0850 0FBE      		out __SREG__,__tmp_reg__
 1722 0852 CDBF      		out __SP_L__,r28
 1723               	/* prologue: function */
 1724               	/* frame size = 22 */
 1725 0854 2C01      		movw r4,r24
 1726 0856 5B01      		movw r10,r22
 1727 0858 4A01      		movw r8,r20
 1728 085a 1901      		movw r2,r18
 1729 085c 6701      		movw r12,r14
 1730               	.LVL179:
 1731               	.LM143:
 1732 085e 2817      		cp r18,r24
 1733 0860 3907      		cpc r19,r25
 1734 0862 04F4      		brge .L131
 1735               	.LVL180:
 1736 0864 1201      		movw r2,r4
 1737               	.LVL181:
 1738 0866 2901      		movw r4,r18
 1739 0868 C801      		movw r24,r16
 1740               	.LVL182:
 1741 086a 8B01      		movw r16,r22
 1742               	.LVL183:
 1743 086c 5C01      		movw r10,r24
 1744 086e 6A01      		movw r12,r20
 1745 0870 4701      		movw r8,r14
 1746               	.LVL184:
 1747               	.L131:
 1748 0872 3101      		movw r6,r2
 1749 0874 6418      		sub r6,r4
 1750 0876 7508      		sbc r7,r5
 1751               	.LM144:
 1752 0878 0A15      		cp r16,r10
 1753 087a 1B05      		cpc r17,r11
 1754 087c 04F4      		brge .L132
 1755               	.LM145:
 1756 087e B501      		movw r22,r10
 1757 0880 601B      		sub r22,r16
 1758 0882 710B      		sbc r23,r17
 1759 0884 8827      		clr r24
 1760 0886 77FD      		sbrc r23,7
 1761 0888 8095      		com r24
 1762 088a 982F      		mov r25,r24
 1763 088c 00C0      		rjmp .L139
 1764               	.LVL185:
 1765               	.L132:
 1766               	.LM146:
 1767 088e 0A19      		sub r16,r10
 1768 0890 1B09      		sbc r17,r11
 1769 0892 B801      		movw r22,r16
 1770 0894 8827      		clr r24
 1771 0896 77FD      		sbrc r23,7
 1772 0898 8095      		com r24
 1773 089a 982F      		mov r25,r24
 1774               	.L139:
 1775 089c 0E94 0000 		call __floatsisf
 1776 08a0 7B01      		movw r14,r22
 1777 08a2 8C01      		movw r16,r24
 1778 08a4 B301      		movw r22,r6
 1779 08a6 8827      		clr r24
 1780 08a8 77FD      		sbrc r23,7
 1781 08aa 8095      		com r24
 1782 08ac 982F      		mov r25,r24
 1783 08ae 0E94 0000 		call __floatsisf
 1784 08b2 9B01      		movw r18,r22
 1785 08b4 AC01      		movw r20,r24
 1786 08b6 C801      		movw r24,r16
 1787 08b8 B701      		movw r22,r14
 1788 08ba 0E94 0000 		call __divsf3
 1789 08be 6D83      		std Y+5,r22
 1790 08c0 7E83      		std Y+6,r23
 1791 08c2 8F83      		std Y+7,r24
 1792 08c4 9887      		std Y+8,r25
 1793               	.LVL186:
 1794 08c6 3101      		movw r6,r2
 1795 08c8 6418      		sub r6,r4
 1796 08ca 7508      		sbc r7,r5
 1797               	.LM147:
 1798 08cc C814      		cp r12,r8
 1799 08ce D904      		cpc r13,r9
 1800 08d0 04F4      		brge .L134
 1801               	.LM148:
 1802 08d2 B401      		movw r22,r8
 1803 08d4 6C19      		sub r22,r12
 1804 08d6 7D09      		sbc r23,r13
 1805 08d8 8827      		clr r24
 1806 08da 77FD      		sbrc r23,7
 1807 08dc 8095      		com r24
 1808 08de 982F      		mov r25,r24
 1809 08e0 00C0      		rjmp .L140
 1810               	.L134:
 1811               	.LM149:
 1812 08e2 C818      		sub r12,r8
 1813 08e4 D908      		sbc r13,r9
 1814 08e6 B601      		movw r22,r12
 1815 08e8 8827      		clr r24
 1816 08ea 77FD      		sbrc r23,7
 1817 08ec 8095      		com r24
 1818 08ee 982F      		mov r25,r24
 1819               	.L140:
 1820 08f0 0E94 0000 		call __floatsisf
 1821 08f4 7B01      		movw r14,r22
 1822 08f6 8C01      		movw r16,r24
 1823 08f8 B301      		movw r22,r6
 1824 08fa 8827      		clr r24
 1825 08fc 77FD      		sbrc r23,7
 1826 08fe 8095      		com r24
 1827 0900 982F      		mov r25,r24
 1828 0902 0E94 0000 		call __floatsisf
 1829 0906 9B01      		movw r18,r22
 1830 0908 AC01      		movw r20,r24
 1831 090a C801      		movw r24,r16
 1832 090c B701      		movw r22,r14
 1833 090e 0E94 0000 		call __divsf3
 1834 0912 6983      		std Y+1,r22
 1835 0914 7A83      		std Y+2,r23
 1836 0916 8B83      		std Y+3,r24
 1837 0918 9C83      		std Y+4,r25
 1838               	.LVL187:
 1839               	.LM150:
 1840 091a 642C      		mov r6,r4
 1841               	.LVL188:
 1842               	.LM151:
 1843 091c C501      		movw r24,r10
 1844 091e AA27      		clr r26
 1845 0920 97FD      		sbrc r25,7
 1846 0922 A095      		com r26
 1847 0924 BA2F      		mov r27,r26
 1848 0926 8D87      		std Y+13,r24
 1849 0928 9E87      		std Y+14,r25
 1850 092a AF87      		std Y+15,r26
 1851 092c B88B      		std Y+16,r27
 1852 092e C401      		movw r24,r8
 1853 0930 AA27      		clr r26
 1854 0932 97FD      		sbrc r25,7
 1855 0934 A095      		com r26
 1856 0936 BA2F      		mov r27,r26
 1857 0938 898B      		std Y+17,r24
 1858 093a 9A8B      		std Y+18,r25
 1859 093c AB8B      		std Y+19,r26
 1860 093e BC8B      		std Y+20,r27
 1861 0940 00C0      		rjmp .L136
 1862               	.L137:
 1863               	.LM152:
 1864 0942 6D89      		ldd r22,Y+21
 1865 0944 7E89      		ldd r23,Y+22
 1866 0946 6419      		sub r22,r4
 1867 0948 7509      		sbc r23,r5
 1868 094a 8827      		clr r24
 1869 094c 77FD      		sbrc r23,7
 1870 094e 8095      		com r24
 1871 0950 982F      		mov r25,r24
 1872 0952 0E94 0000 		call __floatsisf
 1873 0956 5B01      		movw r10,r22
 1874 0958 6C01      		movw r12,r24
 1875               	.LVL189:
 1876               	.LM153:
 1877 095a 6D81      		ldd r22,Y+5
 1878 095c 7E81      		ldd r23,Y+6
 1879 095e 8F81      		ldd r24,Y+7
 1880 0960 9885      		ldd r25,Y+8
 1881 0962 A601      		movw r20,r12
 1882 0964 9501      		movw r18,r10
 1883 0966 0E94 0000 		call __mulsf3
 1884 096a 7B01      		movw r14,r22
 1885 096c 8C01      		movw r16,r24
 1886 096e 6D85      		ldd r22,Y+13
 1887 0970 7E85      		ldd r23,Y+14
 1888 0972 8F85      		ldd r24,Y+15
 1889 0974 9889      		ldd r25,Y+16
 1890 0976 0E94 0000 		call __floatsisf
 1891 097a 9B01      		movw r18,r22
 1892 097c AC01      		movw r20,r24
 1893 097e C801      		movw r24,r16
 1894 0980 B701      		movw r22,r14
 1895 0982 0E94 0000 		call __addsf3
 1896 0986 0E94 0000 		call __fixunssfsi
 1897 098a 6987      		std Y+9,r22
 1898 098c 7A87      		std Y+10,r23
 1899 098e 8B87      		std Y+11,r24
 1900 0990 9C87      		std Y+12,r25
 1901 0992 6981      		ldd r22,Y+1
 1902 0994 7A81      		ldd r23,Y+2
 1903 0996 8B81      		ldd r24,Y+3
 1904 0998 9C81      		ldd r25,Y+4
 1905 099a A601      		movw r20,r12
 1906 099c 9501      		movw r18,r10
 1907 099e 0E94 0000 		call __mulsf3
 1908 09a2 7B01      		movw r14,r22
 1909 09a4 8C01      		movw r16,r24
 1910 09a6 6989      		ldd r22,Y+17
 1911 09a8 7A89      		ldd r23,Y+18
 1912 09aa 8B89      		ldd r24,Y+19
 1913 09ac 9C89      		ldd r25,Y+20
 1914 09ae 0E94 0000 		call __floatsisf
 1915 09b2 9B01      		movw r18,r22
 1916 09b4 AC01      		movw r20,r24
 1917 09b6 C801      		movw r24,r16
 1918 09b8 B701      		movw r22,r14
 1919 09ba 0E94 0000 		call __addsf3
 1920 09be 0E94 0000 		call __fixunssfsi
 1921 09c2 9B01      		movw r18,r22
 1922 09c4 AC01      		movw r20,r24
 1923 09c6 8D89      		ldd r24,Y+21
 1924 09c8 9E89      		ldd r25,Y+22
 1925 09ca 6985      		ldd r22,Y+9
 1926 09cc 70E0      		ldi r23,lo8(0)
 1927 09ce 422F      		mov r20,r18
 1928 09d0 50E0      		ldi r21,lo8(0)
 1929 09d2 0E94 0000 		call setvoxel
 1930               	.LM154:
 1931 09d6 6394      		inc r6
 1932               	.LVL190:
 1933               	.L136:
 1934 09d8 A62D      		mov r26,r6
 1935 09da B0E0      		ldi r27,lo8(0)
 1936 09dc BE8B      		std Y+22,r27
 1937 09de AD8B      		std Y+21,r26
 1938 09e0 2A16      		cp r2,r26
 1939 09e2 3B06      		cpc r3,r27
 1940 09e4 04F0      		brlt .+2
 1941 09e6 00C0      		rjmp .L137
 1942               	/* epilogue start */
 1943               	.LM155:
 1944 09e8 6696      		adiw r28,22
 1945 09ea 0FB6      		in __tmp_reg__,__SREG__
 1946 09ec F894      		cli
 1947 09ee DEBF      		out __SP_H__,r29
 1948 09f0 0FBE      		out __SREG__,__tmp_reg__
 1949 09f2 CDBF      		out __SP_L__,r28
 1950 09f4 CF91      		pop r28
 1951 09f6 DF91      		pop r29
 1952 09f8 1F91      		pop r17
 1953 09fa 0F91      		pop r16
 1954               	.LVL191:
 1955 09fc FF90      		pop r15
 1956 09fe EF90      		pop r14
 1957 0a00 DF90      		pop r13
 1958 0a02 CF90      		pop r12
 1959               	.LVL192:
 1960 0a04 BF90      		pop r11
 1961 0a06 AF90      		pop r10
 1962               	.LVL193:
 1963 0a08 9F90      		pop r9
 1964 0a0a 8F90      		pop r8
 1965               	.LVL194:
 1966 0a0c 7F90      		pop r7
 1967 0a0e 6F90      		pop r6
 1968               	.LVL195:
 1969 0a10 5F90      		pop r5
 1970 0a12 4F90      		pop r4
 1971               	.LVL196:
 1972 0a14 3F90      		pop r3
 1973 0a16 2F90      		pop r2
 1974               	.LVL197:
 1975 0a18 0895      		ret
 1976               	.LFE26:
 1978               	.global	shift
 1980               	shift:
 1981               	.LFB28:
 1982               	.LM156:
 1983               	.LVL198:
 1984 0a1a 2F92      		push r2
 1985 0a1c 3F92      		push r3
 1986 0a1e 4F92      		push r4
 1987 0a20 5F92      		push r5
 1988 0a22 6F92      		push r6
 1989 0a24 7F92      		push r7
 1990 0a26 9F92      		push r9
 1991 0a28 AF92      		push r10
 1992 0a2a BF92      		push r11
 1993 0a2c CF92      		push r12
 1994 0a2e DF92      		push r13
 1995 0a30 EF92      		push r14
 1996 0a32 FF92      		push r15
 1997 0a34 0F93      		push r16
 1998 0a36 1F93      		push r17
 1999 0a38 CF93      		push r28
 2000 0a3a DF93      		push r29
 2001               	/* prologue: function */
 2002               	/* frame size = 0 */
 2003 0a3c 982E      		mov r9,r24
 2004 0a3e 5B01      		movw r10,r22
 2005               	.LM157:
 2006 0a40 CC24      		clr r12
 2007 0a42 DD24      		clr r13
 2008               	.LVL199:
 2009               	.LM158:
 2010 0a44 A7E0      		ldi r26,lo8(7)
 2011 0a46 2A2E      		mov r2,r26
 2012 0a48 312C      		mov r3,__zero_reg__
 2013               	.LVL200:
 2014               	.L152:
 2015 0a4a 8FEF      		ldi r24,lo8(-1)
 2016 0a4c A816      		cp r10,r24
 2017 0a4e 8FEF      		ldi r24,hi8(-1)
 2018 0a50 B806      		cpc r11,r24
 2019 0a52 01F4      		brne .L142
 2020 0a54 7601      		movw r14,r12
 2021 0a56 00C0      		rjmp .L143
 2022               	.L142:
 2023 0a58 7101      		movw r14,r2
 2024 0a5a EC18      		sub r14,r12
 2025 0a5c FD08      		sbc r15,r13
 2026               	.L143:
 2027 0a5e 00E0      		ldi r16,lo8(0)
 2028 0a60 10E0      		ldi r17,hi8(0)
 2029               	.LM159:
 2030 0a62 2701      		movw r4,r14
 2031               	.LVL201:
 2032 0a64 0894      		sec
 2033 0a66 4108      		sbc r4,__zero_reg__
 2034 0a68 5108      		sbc r5,__zero_reg__
 2035               	.LM160:
 2036 0a6a 3701      		movw r6,r14
 2037               	.LVL202:
 2038 0a6c 0894      		sec
 2039 0a6e 611C      		adc r6,__zero_reg__
 2040 0a70 711C      		adc r7,__zero_reg__
 2041 0a72 00C0      		rjmp .L144
 2042               	.LVL203:
 2043               	.L150:
 2044               	.LM161:
 2045 0a74 8FEF      		ldi r24,lo8(-1)
 2046 0a76 A816      		cp r10,r24
 2047 0a78 8FEF      		ldi r24,hi8(-1)
 2048 0a7a B806      		cpc r11,r24
 2049 0a7c 01F4      		brne .L145
 2050               	.LM162:
 2051 0a7e C301      		movw r24,r6
 2052 0a80 00C0      		rjmp .L165
 2053               	.L145:
 2054               	.LM163:
 2055 0a82 C201      		movw r24,r4
 2056               	.LVL204:
 2057               	.L165:
 2058 0a84 AC01      		movw r20,r24
 2059               	.LM164:
 2060 0a86 8AE7      		ldi r24,lo8(122)
 2061 0a88 9816      		cp r9,r24
 2062 0a8a 01F4      		brne .L147
 2063               	.LVL205:
 2064               	.LM165:
 2065 0a8c C801      		movw r24,r16
 2066 0a8e BE01      		movw r22,r28
 2067 0a90 0E94 0000 		call getvoxel
 2068 0a94 282F      		mov r18,r24
 2069               	.LM166:
 2070 0a96 C801      		movw r24,r16
 2071 0a98 BE01      		movw r22,r28
 2072 0a9a A701      		movw r20,r14
 2073 0a9c 00C0      		rjmp .L166
 2074               	.LVL206:
 2075               	.L147:
 2076               	.LM167:
 2077 0a9e 89E7      		ldi r24,lo8(121)
 2078 0aa0 9816      		cp r9,r24
 2079 0aa2 01F4      		brne .L149
 2080               	.LM168:
 2081 0aa4 C801      		movw r24,r16
 2082 0aa6 BA01      		movw r22,r20
 2083 0aa8 AE01      		movw r20,r28
 2084 0aaa 0E94 0000 		call getvoxel
 2085 0aae 282F      		mov r18,r24
 2086               	.LM169:
 2087 0ab0 C801      		movw r24,r16
 2088 0ab2 B701      		movw r22,r14
 2089 0ab4 AE01      		movw r20,r28
 2090 0ab6 00C0      		rjmp .L166
 2091               	.LVL207:
 2092               	.L149:
 2093               	.LM170:
 2094 0ab8 88E7      		ldi r24,lo8(120)
 2095 0aba 9816      		cp r9,r24
 2096 0abc 01F4      		brne .L148
 2097               	.LM171:
 2098 0abe CA01      		movw r24,r20
 2099 0ac0 BE01      		movw r22,r28
 2100 0ac2 A801      		movw r20,r16
 2101 0ac4 0E94 0000 		call getvoxel
 2102 0ac8 282F      		mov r18,r24
 2103               	.LM172:
 2104 0aca C701      		movw r24,r14
 2105 0acc BE01      		movw r22,r28
 2106 0ace A801      		movw r20,r16
 2107               	.L166:
 2108 0ad0 30E0      		ldi r19,lo8(0)
 2109 0ad2 0E94 0000 		call altervoxel
 2110               	.LVL208:
 2111               	.L148:
 2112               	.LM173:
 2113 0ad6 2196      		adiw r28,1
 2114 0ad8 C830      		cpi r28,8
 2115 0ada D105      		cpc r29,__zero_reg__
 2116 0adc 01F4      		brne .L150
 2117               	.LM174:
 2118 0ade 0F5F      		subi r16,lo8(-(1))
 2119 0ae0 1F4F      		sbci r17,hi8(-(1))
 2120 0ae2 0830      		cpi r16,8
 2121 0ae4 1105      		cpc r17,__zero_reg__
 2122 0ae6 01F0      		breq .L151
 2123               	.L144:
 2124 0ae8 C0E0      		ldi r28,lo8(0)
 2125 0aea D0E0      		ldi r29,hi8(0)
 2126 0aec 00C0      		rjmp .L150
 2127               	.L151:
 2128               	.LM175:
 2129 0aee 0894      		sec
 2130 0af0 C11C      		adc r12,__zero_reg__
 2131 0af2 D11C      		adc r13,__zero_reg__
 2132 0af4 88E0      		ldi r24,lo8(8)
 2133 0af6 C816      		cp r12,r24
 2134 0af8 D104      		cpc r13,__zero_reg__
 2135 0afa 01F0      		breq .+2
 2136 0afc 00C0      		rjmp .L152
 2137               	.LM176:
 2138 0afe 8FEF      		ldi r24,lo8(-1)
 2139 0b00 A816      		cp r10,r24
 2140 0b02 8FEF      		ldi r24,hi8(-1)
 2141 0b04 B806      		cpc r11,r24
 2142 0b06 01F0      		breq .L153
 2143 0b08 EE24      		clr r14
 2144 0b0a FF24      		clr r15
 2145               	.LVL209:
 2146 0b0c 00C0      		rjmp .L154
 2147               	.LVL210:
 2148               	.L153:
 2149 0b0e F7E0      		ldi r31,lo8(7)
 2150 0b10 EF2E      		mov r14,r31
 2151 0b12 F12C      		mov r15,__zero_reg__
 2152               	.LVL211:
 2153               	.L154:
 2154 0b14 00E0      		ldi r16,lo8(0)
 2155 0b16 10E0      		ldi r17,hi8(0)
 2156               	.LVL212:
 2157 0b18 00C0      		rjmp .L155
 2158               	.L159:
 2159               	.LM177:
 2160 0b1a 8AE7      		ldi r24,lo8(122)
 2161 0b1c 9816      		cp r9,r24
 2162 0b1e 01F4      		brne .L156
 2163               	.LM178:
 2164 0b20 C801      		movw r24,r16
 2165 0b22 BE01      		movw r22,r28
 2166 0b24 A701      		movw r20,r14
 2167 0b26 00C0      		rjmp .L167
 2168               	.LVL213:
 2169               	.L156:
 2170               	.LM179:
 2171 0b28 89E7      		ldi r24,lo8(121)
 2172 0b2a 9816      		cp r9,r24
 2173 0b2c 01F4      		brne .L158
 2174               	.LM180:
 2175 0b2e C801      		movw r24,r16
 2176 0b30 B701      		movw r22,r14
 2177 0b32 AE01      		movw r20,r28
 2178 0b34 00C0      		rjmp .L167
 2179               	.LVL214:
 2180               	.L158:
 2181               	.LM181:
 2182 0b36 88E7      		ldi r24,lo8(120)
 2183 0b38 9816      		cp r9,r24
 2184 0b3a 01F4      		brne .L157
 2185               	.LM182:
 2186 0b3c C701      		movw r24,r14
 2187 0b3e BE01      		movw r22,r28
 2188 0b40 A801      		movw r20,r16
 2189               	.L167:
 2190 0b42 0E94 0000 		call clrvoxel
 2191               	.LVL215:
 2192               	.L157:
 2193               	.LM183:
 2194 0b46 2196      		adiw r28,1
 2195 0b48 C830      		cpi r28,8
 2196 0b4a D105      		cpc r29,__zero_reg__
 2197 0b4c 01F4      		brne .L159
 2198               	.LM184:
 2199 0b4e 0F5F      		subi r16,lo8(-(1))
 2200 0b50 1F4F      		sbci r17,hi8(-(1))
 2201 0b52 0830      		cpi r16,8
 2202 0b54 1105      		cpc r17,__zero_reg__
 2203 0b56 01F0      		breq .L161
 2204               	.L155:
 2205 0b58 C0E0      		ldi r28,lo8(0)
 2206 0b5a D0E0      		ldi r29,hi8(0)
 2207 0b5c 00C0      		rjmp .L159
 2208               	.L161:
 2209               	/* epilogue start */
 2210               	.LM185:
 2211 0b5e DF91      		pop r29
 2212 0b60 CF91      		pop r28
 2213               	.LVL216:
 2214 0b62 1F91      		pop r17
 2215 0b64 0F91      		pop r16
 2216               	.LVL217:
 2217 0b66 FF90      		pop r15
 2218 0b68 EF90      		pop r14
 2219               	.LVL218:
 2220 0b6a DF90      		pop r13
 2221 0b6c CF90      		pop r12
 2222 0b6e BF90      		pop r11
 2223 0b70 AF90      		pop r10
 2224               	.LVL219:
 2225 0b72 9F90      		pop r9
 2226               	.LVL220:
 2227 0b74 7F90      		pop r7
 2228 0b76 6F90      		pop r6
 2229               	.LVL221:
 2230 0b78 5F90      		pop r5
 2231 0b7a 4F90      		pop r4
 2232               	.LVL222:
 2233 0b7c 3F90      		pop r3
 2234 0b7e 2F90      		pop r2
 2235 0b80 0895      		ret
 2236               	.LFE28:
 2238               	.global	mirror_z
 2240               	mirror_z:
 2241               	.LFB31:
 2242               	.LM186:
 2243 0b82 DF93      		push r29
 2244 0b84 CF93      		push r28
 2245 0b86 CDB7      		in r28,__SP_L__
 2246 0b88 DEB7      		in r29,__SP_H__
 2247 0b8a C054      		subi r28,lo8(-(-64))
 2248 0b8c D040      		sbci r29,hi8(-(-64))
 2249 0b8e 0FB6      		in __tmp_reg__,__SREG__
 2250 0b90 F894      		cli
 2251 0b92 DEBF      		out __SP_H__,r29
 2252 0b94 0FBE      		out __SREG__,__tmp_reg__
 2253 0b96 CDBF      		out __SP_L__,r28
 2254               	/* prologue: function */
 2255               	/* frame size = 64 */
 2256               	.LM187:
 2257 0b98 DE01      		movw r26,r28
 2258 0b9a 1196      		adiw r26,1
 2259 0b9c E0E0      		ldi r30,lo8(cube)
 2260 0b9e F0E0      		ldi r31,hi8(cube)
 2261 0ba0 80E4      		ldi r24,lo8(64)
 2262               	.L169:
 2263 0ba2 0190      		ld r0,Z+
 2264 0ba4 0D92      		st X+,r0
 2265 0ba6 8150      		subi r24,lo8(-(-1))
 2266 0ba8 01F4      		brne .L169
 2267 0baa 40E0      		ldi r20,lo8(0)
 2268 0bac 50E0      		ldi r21,hi8(0)
 2269               	.LM188:
 2270 0bae BE01      		movw r22,r28
 2271 0bb0 6F5F      		subi r22,lo8(-(1))
 2272 0bb2 7F4F      		sbci r23,hi8(-(1))
 2273 0bb4 00C0      		rjmp .L170
 2274               	.L171:
 2275               	.LM189:
 2276 0bb6 8C91      		ld r24,X
 2277 0bb8 F901      		movw r30,r18
 2278 0bba 93E0      		ldi r25,3
 2279 0bbc EE0F      	1:	lsl r30
 2280 0bbe FF1F      		rol r31
 2281 0bc0 9A95      		dec r25
 2282 0bc2 01F4      		brne 1b
 2283 0bc4 E40F      		add r30,r20
 2284 0bc6 F51F      		adc r31,r21
 2285 0bc8 E050      		subi r30,lo8(-(cube))
 2286 0bca F040      		sbci r31,hi8(-(cube))
 2287 0bcc 8083      		st Z,r24
 2288 0bce 1896      		adiw r26,8
 2289 0bd0 2150      		subi r18,lo8(-(-1))
 2290 0bd2 3040      		sbci r19,hi8(-(-1))
 2291               	.LM190:
 2292 0bd4 8FEF      		ldi r24,hi8(-1)
 2293 0bd6 2F3F      		cpi r18,lo8(-1)
 2294 0bd8 3807      		cpc r19,r24
 2295 0bda 01F4      		brne .L171
 2296 0bdc 4F5F      		subi r20,lo8(-(1))
 2297 0bde 5F4F      		sbci r21,hi8(-(1))
 2298               	.LM191:
 2299 0be0 4830      		cpi r20,8
 2300 0be2 5105      		cpc r21,__zero_reg__
 2301 0be4 01F0      		breq .L173
 2302               	.L170:
 2303 0be6 DB01      		movw r26,r22
 2304 0be8 A40F      		add r26,r20
 2305 0bea B51F      		adc r27,r21
 2306 0bec 27E0      		ldi r18,lo8(7)
 2307 0bee 30E0      		ldi r19,hi8(7)
 2308 0bf0 00C0      		rjmp .L171
 2309               	.L173:
 2310               	/* epilogue start */
 2311               	.LM192:
 2312 0bf2 C05C      		subi r28,lo8(-(64))
 2313 0bf4 DF4F      		sbci r29,hi8(-(64))
 2314 0bf6 0FB6      		in __tmp_reg__,__SREG__
 2315 0bf8 F894      		cli
 2316 0bfa DEBF      		out __SP_H__,r29
 2317 0bfc 0FBE      		out __SREG__,__tmp_reg__
 2318 0bfe CDBF      		out __SP_L__,r28
 2319 0c00 CF91      		pop r28
 2320 0c02 DF91      		pop r29
 2321 0c04 0895      		ret
 2322               	.LFE31:
 2324               	.global	mirror_x
 2326               	mirror_x:
 2327               	.LFB30:
 2328               	.LM193:
 2329 0c06 8F92      		push r8
 2330 0c08 9F92      		push r9
 2331 0c0a AF92      		push r10
 2332 0c0c BF92      		push r11
 2333 0c0e CF92      		push r12
 2334 0c10 DF92      		push r13
 2335 0c12 EF92      		push r14
 2336 0c14 FF92      		push r15
 2337 0c16 0F93      		push r16
 2338 0c18 1F93      		push r17
 2339 0c1a DF93      		push r29
 2340 0c1c CF93      		push r28
 2341 0c1e CDB7      		in r28,__SP_L__
 2342 0c20 DEB7      		in r29,__SP_H__
 2343 0c22 C054      		subi r28,lo8(-(-64))
 2344 0c24 D040      		sbci r29,hi8(-(-64))
 2345 0c26 0FB6      		in __tmp_reg__,__SREG__
 2346 0c28 F894      		cli
 2347 0c2a DEBF      		out __SP_H__,r29
 2348 0c2c 0FBE      		out __SREG__,__tmp_reg__
 2349 0c2e CDBF      		out __SP_L__,r28
 2350               	/* prologue: function */
 2351               	/* frame size = 64 */
 2352               	.LM194:
 2353 0c30 DE01      		movw r26,r28
 2354 0c32 1196      		adiw r26,1
 2355 0c34 E0E0      		ldi r30,lo8(cube)
 2356 0c36 F0E0      		ldi r31,hi8(cube)
 2357 0c38 80E4      		ldi r24,lo8(64)
 2358               	.L177:
 2359 0c3a 0190      		ld r0,Z+
 2360 0c3c 0D92      		st X+,r0
 2361 0c3e 8150      		subi r24,lo8(-(-1))
 2362 0c40 01F4      		brne .L177
 2363               	.LM195:
 2364 0c42 0E94 0000 		call fill
 2365 0c46 EE24      		clr r14
 2366 0c48 FF24      		clr r15
 2367               	.LM196:
 2368 0c4a 4E01      		movw r8,r28
 2369 0c4c 0894      		sec
 2370 0c4e 811C      		adc r8,__zero_reg__
 2371 0c50 911C      		adc r9,__zero_reg__
 2372 0c52 00C0      		rjmp .L178
 2373               	.L179:
 2374               	.LM197:
 2375 0c54 F601      		movw r30,r12
 2376 0c56 8191      		ld r24,Z+
 2377 0c58 6F01      		movw r12,r30
 2378 0c5a 0E94 0000 		call flipbyte
 2379 0c5e F501      		movw r30,r10
 2380 0c60 E00F      		add r30,r16
 2381 0c62 F11F      		adc r31,r17
 2382 0c64 E050      		subi r30,lo8(-(cube))
 2383 0c66 F040      		sbci r31,hi8(-(cube))
 2384 0c68 8083      		st Z,r24
 2385 0c6a 0F5F      		subi r16,lo8(-(1))
 2386 0c6c 1F4F      		sbci r17,hi8(-(1))
 2387               	.LM198:
 2388 0c6e 0830      		cpi r16,8
 2389 0c70 1105      		cpc r17,__zero_reg__
 2390 0c72 01F4      		brne .L179
 2391 0c74 0894      		sec
 2392 0c76 E11C      		adc r14,__zero_reg__
 2393 0c78 F11C      		adc r15,__zero_reg__
 2394               	.LM199:
 2395 0c7a F8E0      		ldi r31,lo8(8)
 2396 0c7c EF16      		cp r14,r31
 2397 0c7e F104      		cpc r15,__zero_reg__
 2398 0c80 01F0      		breq .L181
 2399               	.L178:
 2400 0c82 C701      		movw r24,r14
 2401 0c84 23E0      		ldi r18,3
 2402 0c86 880F      	1:	lsl r24
 2403 0c88 991F      		rol r25
 2404 0c8a 2A95      		dec r18
 2405 0c8c 01F4      		brne 1b
 2406 0c8e 6401      		movw r12,r8
 2407 0c90 C80E      		add r12,r24
 2408 0c92 D91E      		adc r13,r25
 2409 0c94 00E0      		ldi r16,lo8(0)
 2410 0c96 10E0      		ldi r17,hi8(0)
 2411               	.LM200:
 2412 0c98 5C01      		movw r10,r24
 2413 0c9a 00C0      		rjmp .L179
 2414               	.L181:
 2415               	/* epilogue start */
 2416               	.LM201:
 2417 0c9c C05C      		subi r28,lo8(-(64))
 2418 0c9e DF4F      		sbci r29,hi8(-(64))
 2419 0ca0 0FB6      		in __tmp_reg__,__SREG__
 2420 0ca2 F894      		cli
 2421 0ca4 DEBF      		out __SP_H__,r29
 2422 0ca6 0FBE      		out __SREG__,__tmp_reg__
 2423 0ca8 CDBF      		out __SP_L__,r28
 2424 0caa CF91      		pop r28
 2425 0cac DF91      		pop r29
 2426 0cae 1F91      		pop r17
 2427 0cb0 0F91      		pop r16
 2428 0cb2 FF90      		pop r15
 2429 0cb4 EF90      		pop r14
 2430 0cb6 DF90      		pop r13
 2431 0cb8 CF90      		pop r12
 2432 0cba BF90      		pop r11
 2433 0cbc AF90      		pop r10
 2434 0cbe 9F90      		pop r9
 2435 0cc0 8F90      		pop r8
 2436 0cc2 0895      		ret
 2437               	.LFE30:
 2439               	.global	mirror_y
 2441               	mirror_y:
 2442               	.LFB29:
 2443               	.LM202:
 2444 0cc4 8F92      		push r8
 2445 0cc6 9F92      		push r9
 2446 0cc8 AF92      		push r10
 2447 0cca BF92      		push r11
 2448 0ccc CF92      		push r12
 2449 0cce DF92      		push r13
 2450 0cd0 EF92      		push r14
 2451 0cd2 FF92      		push r15
 2452 0cd4 0F93      		push r16
 2453 0cd6 1F93      		push r17
 2454 0cd8 DF93      		push r29
 2455 0cda CF93      		push r28
 2456 0cdc CDB7      		in r28,__SP_L__
 2457 0cde DEB7      		in r29,__SP_H__
 2458 0ce0 C054      		subi r28,lo8(-(-64))
 2459 0ce2 D040      		sbci r29,hi8(-(-64))
 2460 0ce4 0FB6      		in __tmp_reg__,__SREG__
 2461 0ce6 F894      		cli
 2462 0ce8 DEBF      		out __SP_H__,r29
 2463 0cea 0FBE      		out __SREG__,__tmp_reg__
 2464 0cec CDBF      		out __SP_L__,r28
 2465               	/* prologue: function */
 2466               	/* frame size = 64 */
 2467               	.LM203:
 2468 0cee DE01      		movw r26,r28
 2469 0cf0 1196      		adiw r26,1
 2470 0cf2 E0E0      		ldi r30,lo8(cube)
 2471 0cf4 F0E0      		ldi r31,hi8(cube)
 2472 0cf6 80E4      		ldi r24,lo8(64)
 2473               	.L185:
 2474 0cf8 0190      		ld r0,Z+
 2475 0cfa 0D92      		st X+,r0
 2476 0cfc 8150      		subi r24,lo8(-(-1))
 2477 0cfe 01F4      		brne .L185
 2478               	.LM204:
 2479 0d00 0E94 0000 		call fill
 2480 0d04 AA24      		clr r10
 2481 0d06 BB24      		clr r11
 2482               	.LM205:
 2483 0d08 4E01      		movw r8,r28
 2484 0d0a 0894      		sec
 2485 0d0c 811C      		adc r8,__zero_reg__
 2486 0d0e 911C      		adc r9,__zero_reg__
 2487 0d10 00C0      		rjmp .L186
 2488               	.L188:
 2489               	.LM206:
 2490 0d12 F701      		movw r30,r14
 2491 0d14 8081      		ld r24,Z
 2492 0d16 90E0      		ldi r25,lo8(0)
 2493 0d18 002E      		mov r0,r16
 2494 0d1a 00C0      		rjmp 2f
 2495 0d1c 9595      	1:	asr r25
 2496 0d1e 8795      		ror r24
 2497 0d20 0A94      	2:	dec r0
 2498 0d22 02F4      		brpl 1b
 2499 0d24 80FF      		sbrs r24,0
 2500 0d26 00C0      		rjmp .L187
 2501               	.LM207:
 2502 0d28 C801      		movw r24,r16
 2503 0d2a B601      		movw r22,r12
 2504 0d2c A501      		movw r20,r10
 2505 0d2e 0E94 0000 		call setvoxel
 2506               	.L187:
 2507 0d32 0F5F      		subi r16,lo8(-(1))
 2508 0d34 1F4F      		sbci r17,hi8(-(1))
 2509               	.LM208:
 2510 0d36 0830      		cpi r16,8
 2511 0d38 1105      		cpc r17,__zero_reg__
 2512 0d3a 01F4      		brne .L188
 2513 0d3c 0894      		sec
 2514 0d3e E11C      		adc r14,__zero_reg__
 2515 0d40 F11C      		adc r15,__zero_reg__
 2516 0d42 0894      		sec
 2517 0d44 C108      		sbc r12,__zero_reg__
 2518 0d46 D108      		sbc r13,__zero_reg__
 2519               	.LM209:
 2520 0d48 FFEF      		ldi r31,lo8(-1)
 2521 0d4a CF16      		cp r12,r31
 2522 0d4c FFEF      		ldi r31,hi8(-1)
 2523 0d4e DF06      		cpc r13,r31
 2524 0d50 01F0      		breq .L189
 2525               	.L191:
 2526 0d52 00E0      		ldi r16,lo8(0)
 2527 0d54 10E0      		ldi r17,hi8(0)
 2528 0d56 00C0      		rjmp .L188
 2529               	.L189:
 2530 0d58 0894      		sec
 2531 0d5a A11C      		adc r10,__zero_reg__
 2532 0d5c B11C      		adc r11,__zero_reg__
 2533               	.LM210:
 2534 0d5e 88E0      		ldi r24,lo8(8)
 2535 0d60 A816      		cp r10,r24
 2536 0d62 B104      		cpc r11,__zero_reg__
 2537 0d64 01F0      		breq .L192
 2538               	.L186:
 2539 0d66 7501      		movw r14,r10
 2540 0d68 43E0      		ldi r20,3
 2541 0d6a EE0C      	1:	lsl r14
 2542 0d6c FF1C      		rol r15
 2543 0d6e 4A95      		dec r20
 2544 0d70 01F4      		brne 1b
 2545 0d72 E80C      		add r14,r8
 2546 0d74 F91C      		adc r15,r9
 2547 0d76 37E0      		ldi r19,lo8(7)
 2548 0d78 C32E      		mov r12,r19
 2549 0d7a D12C      		mov r13,__zero_reg__
 2550 0d7c 00C0      		rjmp .L191
 2551               	.L192:
 2552               	/* epilogue start */
 2553               	.LM211:
 2554 0d7e C05C      		subi r28,lo8(-(64))
 2555 0d80 DF4F      		sbci r29,hi8(-(64))
 2556 0d82 0FB6      		in __tmp_reg__,__SREG__
 2557 0d84 F894      		cli
 2558 0d86 DEBF      		out __SP_H__,r29
 2559 0d88 0FBE      		out __SREG__,__tmp_reg__
 2560 0d8a CDBF      		out __SP_L__,r28
 2561 0d8c CF91      		pop r28
 2562 0d8e DF91      		pop r29
 2563 0d90 1F91      		pop r17
 2564 0d92 0F91      		pop r16
 2565 0d94 FF90      		pop r15
 2566 0d96 EF90      		pop r14
 2567 0d98 DF90      		pop r13
 2568 0d9a CF90      		pop r12
 2569 0d9c BF90      		pop r11
 2570 0d9e AF90      		pop r10
 2571 0da0 9F90      		pop r9
 2572 0da2 8F90      		pop r8
 2573 0da4 0895      		ret
 2574               	.LFE29:
 2576               	.global	tmp2cube
 2578               	tmp2cube:
 2579               	.LFB27:
 2580               	.LM212:
 2581               	/* prologue: function */
 2582               	/* frame size = 0 */
 2583               	.LM213:
 2584 0da6 A0E0      		ldi r26,lo8(cube)
 2585 0da8 B0E0      		ldi r27,hi8(cube)
 2586 0daa E0E0      		ldi r30,lo8(fb)
 2587 0dac F0E0      		ldi r31,hi8(fb)
 2588 0dae 80E4      		ldi r24,lo8(64)
 2589               	.L196:
 2590 0db0 0190      		ld r0,Z+
 2591 0db2 0D92      		st X+,r0
 2592 0db4 8150      		subi r24,lo8(-(-1))
 2593 0db6 01F4      		brne .L196
 2594               	/* epilogue start */
 2595               	.LM214:
 2596 0db8 0895      		ret
 2597               	.LFE27:
 2599               		.comm cube,64,1
 2600               		.comm fb,64,1
 2857               	.Letext0:
DEFINED SYMBOLS
                            *ABS*:00000000 draw.c
C:\Users\JOHAN~1.STR\AppData\Local\Temp/ccJUID4R.s:2      *ABS*:0000003f __SREG__
C:\Users\JOHAN~1.STR\AppData\Local\Temp/ccJUID4R.s:3      *ABS*:0000003e __SP_H__
C:\Users\JOHAN~1.STR\AppData\Local\Temp/ccJUID4R.s:4      *ABS*:0000003d __SP_L__
C:\Users\JOHAN~1.STR\AppData\Local\Temp/ccJUID4R.s:5      *ABS*:00000034 __CCP__
C:\Users\JOHAN~1.STR\AppData\Local\Temp/ccJUID4R.s:6      *ABS*:00000000 __tmp_reg__
C:\Users\JOHAN~1.STR\AppData\Local\Temp/ccJUID4R.s:7      *ABS*:00000001 __zero_reg__
C:\Users\JOHAN~1.STR\AppData\Local\Temp/ccJUID4R.s:18     .text:00000000 inrange
C:\Users\JOHAN~1.STR\AppData\Local\Temp/ccJUID4R.s:57     .text:00000028 tmpclrvoxel
                            *COM*:00000040 fb
C:\Users\JOHAN~1.STR\AppData\Local\Temp/ccJUID4R.s:114    .text:00000076 clrvoxel
                            *COM*:00000040 cube
C:\Users\JOHAN~1.STR\AppData\Local\Temp/ccJUID4R.s:171    .text:000000c4 tmpsetvoxel
C:\Users\JOHAN~1.STR\AppData\Local\Temp/ccJUID4R.s:227    .text:00000110 setvoxel
C:\Users\JOHAN~1.STR\AppData\Local\Temp/ccJUID4R.s:283    .text:0000015c getvoxel
C:\Users\JOHAN~1.STR\AppData\Local\Temp/ccJUID4R.s:336    .text:000001a2 altervoxel
C:\Users\JOHAN~1.STR\AppData\Local\Temp/ccJUID4R.s:360    .text:000001b4 flpvoxel
C:\Users\JOHAN~1.STR\AppData\Local\Temp/ccJUID4R.s:416    .text:00000200 argorder
C:\Users\JOHAN~1.STR\AppData\Local\Temp/ccJUID4R.s:455    .text:00000224 setplane_z
C:\Users\JOHAN~1.STR\AppData\Local\Temp/ccJUID4R.s:496    .text:00000252 clrplane_z
C:\Users\JOHAN~1.STR\AppData\Local\Temp/ccJUID4R.s:536    .text:0000027e setplane_x
C:\Users\JOHAN~1.STR\AppData\Local\Temp/ccJUID4R.s:603    .text:000002d4 clrplane_x
C:\Users\JOHAN~1.STR\AppData\Local\Temp/ccJUID4R.s:671    .text:0000032c setplane_y
C:\Users\JOHAN~1.STR\AppData\Local\Temp/ccJUID4R.s:710    .text:0000035a clrplane_y
C:\Users\JOHAN~1.STR\AppData\Local\Temp/ccJUID4R.s:748    .text:00000386 setplane
C:\Users\JOHAN~1.STR\AppData\Local\Temp/ccJUID4R.s:850    .text:000003fc clrplane
C:\Users\JOHAN~1.STR\AppData\Local\Temp/ccJUID4R.s:948    .text:0000046e fill
C:\Users\JOHAN~1.STR\AppData\Local\Temp/ccJUID4R.s:997    .text:000004a8 tmpfill
C:\Users\JOHAN~1.STR\AppData\Local\Temp/ccJUID4R.s:1046   .text:000004e2 box_filled
C:\Users\JOHAN~1.STR\AppData\Local\Temp/ccJUID4R.s:1184   .text:00000578 box_walls
C:\Users\JOHAN~1.STR\AppData\Local\Temp/ccJUID4R.s:1370   .text:00000660 box_wireframe
C:\Users\JOHAN~1.STR\AppData\Local\Temp/ccJUID4R.s:1596   .text:0000079e byteline
C:\Users\JOHAN~1.STR\AppData\Local\Temp/ccJUID4R.s:1632   .text:000007c6 flipbyte
C:\Users\JOHAN~1.STR\AppData\Local\Temp/ccJUID4R.s:1691   .text:00000820 line
C:\Users\JOHAN~1.STR\AppData\Local\Temp/ccJUID4R.s:1980   .text:00000a1a shift
C:\Users\JOHAN~1.STR\AppData\Local\Temp/ccJUID4R.s:2240   .text:00000b82 mirror_z
C:\Users\JOHAN~1.STR\AppData\Local\Temp/ccJUID4R.s:2326   .text:00000c06 mirror_x
C:\Users\JOHAN~1.STR\AppData\Local\Temp/ccJUID4R.s:2441   .text:00000cc4 mirror_y
C:\Users\JOHAN~1.STR\AppData\Local\Temp/ccJUID4R.s:2578   .text:00000da6 tmp2cube

UNDEFINED SYMBOLS
__floatsisf
__divsf3
__mulsf3
__addsf3
__fixunssfsi
__do_clear_bss
